q4#####[{"Plan": {"Node Type": "Sort", "Parallel Aware": false, "Startup Cost": 261971.36, "Total Cost": 261971.37, "Plan Rows": 5, "Plan Width": 24, "Actual Startup Time": 2327.043, "Actual Total Time": 2327.046, "Actual Rows": 5, "Actual Loops": 1, "Output": ["orders.o_orderpriority", "(count(*))"], "Sort Key": ["orders.o_orderpriority"], "Sort Method": "quicksort", "Sort Space Used": 25, "Sort Space Type": "Memory", "Plans": [{"Node Type": "Aggregate", "Strategy": "Hashed", "Partial Mode": "Simple", "Parent Relationship": "Outer", "Parallel Aware": false, "Startup Cost": 261971.25, "Total Cost": 261971.3, "Plan Rows": 5, "Plan Width": 24, "Actual Startup Time": 2326.998, "Actual Total Time": 2327.001, "Actual Rows": 5, "Actual Loops": 1, "Output": ["orders.o_orderpriority", "count(*)"], "Group Key": ["orders.o_orderpriority"], "Planned Partitions": 0, "HashAgg Batches": 1, "Peak Memory Usage": 24, "Disk Usage": 0, "Plans": [{"Node Type": "Hash Join", "Parent Relationship": "Outer", "Parallel Aware": false, "Join Type": "Semi", "Startup Cost": 212544.46, "Total Cost": 261777.34, "Plan Rows": 38781, "Plan Width": 16, "Actual Startup Time": 2038.975, "Actual Total Time": 2322.947, "Actual Rows": 22799, "Actual Loops": 1, "Output": ["orders.o_orderpriority"], "Inner Unique": false, "Hash Cond": "(orders.o_orderkey = lineitem.l_orderkey)", "Plans": [{"Node Type": "Seq Scan", "Parent Relationship": "Outer", "Parallel Aware": false, "Relation Name": "orders", "Schema": "public", "Alias": "orders", "Startup Cost": 0.0, "Total Cost": 48595.0, "Plan Rows": 60178, "Plan Width": 20, "Actual Startup Time": 0.024, "Actual Total Time": 260.659, "Actual Rows": 57739, "Actual Loops": 1, "Output": ["orders.o_orderkey", "orders.o_custkey", "orders.o_orderstatus", "orders.o_totalprice", "orders.o_orderdate", "orders.o_orderpriority", "orders.o_clerk", "orders.o_shippriority", "orders.o_comment"], "Filter": "((orders.o_orderdate >= '1994-07-01'::date) AND (orders.o_orderdate < '1994-10-01 00:00:00'::timestamp without time zone))", "Rows Removed by Filter": 1442261}, {"Node Type": "Hash", "Parent Relationship": "Inner", "Parallel Aware": false, "Startup Cost": 187540.6, "Total Cost": 187540.6, "Plan Rows": 2000309, "Plan Width": 4, "Actual Startup Time": 2028.568, "Actual Total Time": 2028.569, "Actual Rows": 3044373, "Actual Loops": 1, "Output": ["lineitem.l_orderkey"], "Hash Buckets": 4194304, "Original Hash Buckets": 2097152, "Hash Batches": 1, "Original Hash Batches": 1, "Peak Memory Usage": 139797, "Plans": [{"Node Type": "Seq Scan", "Parent Relationship": "Outer", "Parallel Aware": false, "Relation Name": "lineitem", "Schema": "public", "Alias": "lineitem", "Startup Cost": 0.0, "Total Cost": 187540.6, "Plan Rows": 2000309, "Plan Width": 4, "Actual Startup Time": 0.025, "Actual Total Time": 1374.356, "Actual Rows": 3044373, "Actual Loops": 1, "Output": ["lineitem.l_orderkey"], "Filter": "(lineitem.l_commitdate < lineitem.l_receiptdate)", "Rows Removed by Filter": 2956842}]}]}]}]}, "Planning Time": 1.234, "Triggers": [], "Execution Time": 2329.7}]
q2#####[{"Plan": {"Node Type": "Limit", "Parallel Aware": false, "Startup Cost": 7516.7, "Total Cost": 7516.71, "Plan Rows": 1, "Plan Width": 195, "Actual Startup Time": 63.024, "Actual Total Time": 63.028, "Actual Rows": 0, "Actual Loops": 1, "Output": ["supplier.s_acctbal", "supplier.s_name", "nation.n_name", "part.p_partkey", "part.p_mfgr", "supplier.s_address", "supplier.s_phone", "supplier.s_comment"], "Plans": [{"Node Type": "Sort", "Parent Relationship": "Outer", "Parallel Aware": false, "Startup Cost": 7516.7, "Total Cost": 7516.71, "Plan Rows": 1, "Plan Width": 195, "Actual Startup Time": 63.022, "Actual Total Time": 63.026, "Actual Rows": 0, "Actual Loops": 1, "Output": ["supplier.s_acctbal", "supplier.s_name", "nation.n_name", "part.p_partkey", "part.p_mfgr", "supplier.s_address", "supplier.s_phone", "supplier.s_comment"], "Sort Key": ["supplier.s_acctbal DESC", "nation.n_name", "supplier.s_name", "part.p_partkey"], "Sort Method": "quicksort", "Sort Space Used": 25, "Sort Space Type": "Memory", "Plans": [{"Node Type": "Nested Loop", "Parent Relationship": "Outer", "Parallel Aware": false, "Join Type": "Inner", "Startup Cost": 0.71, "Total Cost": 7516.69, "Plan Rows": 1, "Plan Width": 195, "Actual Startup Time": 62.936, "Actual Total Time": 62.939, "Actual Rows": 0, "Actual Loops": 1, "Output": ["supplier.s_acctbal", "supplier.s_name", "nation.n_name", "part.p_partkey", "part.p_mfgr", "supplier.s_address", "supplier.s_phone", "supplier.s_comment"], "Inner Unique": false, "Join Filter": "(nation.n_regionkey = region.r_regionkey)", "Rows Removed by Join Filter": 0, "Plans": [{"Node Type": "Nested Loop", "Parent Relationship": "Outer", "Parallel Aware": false, "Join Type": "Inner", "Startup Cost": 0.71, "Total Cost": 7500.05, "Plan Rows": 3, "Plan Width": 199, "Actual Startup Time": 62.935, "Actual Total Time": 62.938, "Actual Rows": 0, "Actual Loops": 1, "Output": ["part.p_partkey", "part.p_mfgr", "supplier.s_acctbal", "supplier.s_name", "supplier.s_address", "supplier.s_phone", "supplier.s_comment", "nation.n_name", "nation.n_regionkey"], "Inner Unique": false, "Join Filter": "(supplier.s_nationkey = nation.n_nationkey)", "Rows Removed by Join Filter": 0, "Plans": [{"Node Type": "Nested Loop", "Parent Relationship": "Outer", "Parallel Aware": false, "Join Type": "Inner", "Startup Cost": 0.71, "Total Cost": 7478.57, "Plan Rows": 1, "Plan Width": 170, "Actual Startup Time": 62.935, "Actual Total Time": 62.937, "Actual Rows": 0, "Actual Loops": 1, "Output": ["part.p_partkey", "part.p_mfgr", "supplier.s_acctbal", "supplier.s_name", "supplier.s_address", "supplier.s_phone", "supplier.s_comment", "supplier.s_nationkey"], "Inner Unique": false, "Plans": [{"Node Type": "Nested Loop", "Parent Relationship": "Outer", "Parallel Aware": false, "Join Type": "Inner", "Startup Cost": 0.42, "Total Cost": 7478.26, "Plan Rows": 1, "Plan Width": 34, "Actual Startup Time": 62.934, "Actual Total Time": 62.937, "Actual Rows": 0, "Actual Loops": 1, "Output": ["part.p_partkey", "part.p_mfgr", "partsupp.ps_suppkey"], "Inner Unique": false, "Plans": [{"Node Type": "Seq Scan", "Parent Relationship": "Outer", "Parallel Aware": false, "Relation Name": "part", "Schema": "public", "Alias": "part", "Startup Cost": 0.0, "Total Cost": 7097.0, "Plan Rows": 1, "Plan Width": 30, "Actual Startup Time": 62.933, "Actual Total Time": 62.934, "Actual Rows": 0, "Actual Loops": 1, "Output": ["part.p_partkey", "part.p_name", "part.p_mfgr", "part.p_brand", "part.p_type", "part.p_size", "part.p_container", "part.p_retailprice", "part.p_comment"], "Filter": "(((part.p_type)::text ~~ '%nickel'::text) AND (part.p_size = 18))", "Rows Removed by Filter": 200000}, {"Node Type": "Index Scan", "Parent Relationship": "Inner", "Parallel Aware": false, "Scan Direction": "Forward", "Index Name": "idx_partsupp_partkey", "Relation Name": "partsupp", "Schema": "public", "Alias": "partsupp", "Startup Cost": 0.42, "Total Cost": 381.25, "Plan Rows": 1, "Plan Width": 14, "Actual Startup Time": 0.0, "Actual Total Time": 0.0, "Actual Rows": 0, "Actual Loops": 0, "Output": ["partsupp.ps_partkey", "partsupp.ps_suppkey", "partsupp.ps_availqty", "partsupp.ps_supplycost", "partsupp.ps_comment"], "Index Cond": "(partsupp.ps_partkey = part.p_partkey)", "Rows Removed by Index Recheck": 0, "Filter": "((SubPlan 1) = partsupp.ps_supplycost)", "Rows Removed by Filter": 0, "Plans": [{"Node Type": "Aggregate", "Strategy": "Plain", "Partial Mode": "Simple", "Parent Relationship": "SubPlan", "Subplan Name": "SubPlan 1", "Parallel Aware": false, "Startup Cost": 71.33, "Total Cost": 71.34, "Plan Rows": 1, "Plan Width": 32, "Actual Startup Time": 0.0, "Actual Total Time": 0.0, "Actual Rows": 0, "Actual Loops": 0, "Output": ["min(partsupp_1.ps_supplycost)"], "Plans": [{"Node Type": "Nested Loop", "Parent Relationship": "Outer", "Parallel Aware": false, "Join Type": "Inner", "Startup Cost": 1.01, "Total Cost": 71.33, "Plan Rows": 1, "Plan Width": 6, "Actual Startup Time": 0.0, "Actual Total Time": 0.0, "Actual Rows": 0, "Actual Loops": 0, "Output": ["partsupp_1.ps_supplycost"], "Inner Unique": false, "Plans": [{"Node Type": "Nested Loop", "Parent Relationship": "Outer", "Parallel Aware": false, "Join Type": "Inner", "Startup Cost": 0.86, "Total Cost": 67.25, "Plan Rows": 13, "Plan Width": 10, "Actual Startup Time": 0.0, "Actual Total Time": 0.0, "Actual Rows": 0, "Actual Loops": 0, "Output": ["partsupp_1.ps_supplycost", "nation_1.n_regionkey"], "Inner Unique": false, "Plans": [{"Node Type": "Nested Loop", "Parent Relationship": "Outer", "Parallel Aware": false, "Join Type": "Inner", "Startup Cost": 0.71, "Total Cost": 66.07, "Plan Rows": 5, "Plan Width": 10, "Actual Startup Time": 0.0, "Actual Total Time": 0.0, "Actual Rows": 0, "Actual Loops": 0, "Output": ["partsupp_1.ps_supplycost", "supplier_1.s_nationkey"], "Inner Unique": false, "Plans": [{"Node Type": "Index Scan", "Parent Relationship": "Outer", "Parallel Aware": false, "Scan Direction": "Forward", "Index Name": "idx_partsupp_partkey_suppkey", "Relation Name": "partsupp", "Schema": "public", "Alias": "partsupp_1", "Startup Cost": 0.42, "Total Cost": 24.51, "Plan Rows": 5, "Plan Width": 10, "Actual Startup Time": 0.0, "Actual Total Time": 0.0, "Actual Rows": 0, "Actual Loops": 0, "Output": ["partsupp_1.ps_partkey", "partsupp_1.ps_suppkey", "partsupp_1.ps_availqty", "partsupp_1.ps_supplycost", "partsupp_1.ps_comment"], "Index Cond": "(partsupp_1.ps_partkey = part.p_partkey)", "Rows Removed by Index Recheck": 0}, {"Node Type": "Index Scan", "Parent Relationship": "Inner", "Parallel Aware": false, "Scan Direction": "Forward", "Index Name": "idx_supplier_suppkey", "Relation Name": "supplier", "Schema": "public", "Alias": "supplier_1", "Startup Cost": 0.29, "Total Cost": 8.3, "Plan Rows": 1, "Plan Width": 8, "Actual Startup Time": 0.0, "Actual Total Time": 0.0, "Actual Rows": 0, "Actual Loops": 0, "Output": ["supplier_1.s_suppkey", "supplier_1.s_name", "supplier_1.s_address", "supplier_1.s_nationkey", "supplier_1.s_phone", "supplier_1.s_acctbal", "supplier_1.s_comment"], "Index Cond": "(supplier_1.s_suppkey = partsupp_1.ps_suppkey)", "Rows Removed by Index Recheck": 0}]}, {"Node Type": "Index Scan", "Parent Relationship": "Inner", "Parallel Aware": false, "Scan Direction": "Forward", "Index Name": "idx_nation_nationkey", "Relation Name": "nation", "Schema": "public", "Alias": "nation_1", "Startup Cost": 0.15, "Total Cost": 0.2, "Plan Rows": 3, "Plan Width": 8, "Actual Startup Time": 0.0, "Actual Total Time": 0.0, "Actual Rows": 0, "Actual Loops": 0, "Output": ["nation_1.n_nationkey", "nation_1.n_name", "nation_1.n_regionkey", "nation_1.n_comment"], "Index Cond": "(nation_1.n_nationkey = supplier_1.s_nationkey)", "Rows Removed by Index Recheck": 0}]}, {"Node Type": "Index Scan", "Parent Relationship": "Inner", "Parallel Aware": false, "Scan Direction": "Forward", "Index Name": "idx_region_regionkey", "Relation Name": "region", "Schema": "public", "Alias": "region_1", "Startup Cost": 0.15, "Total Cost": 0.3, "Plan Rows": 1, "Plan Width": 4, "Actual Startup Time": 0.0, "Actual Total Time": 0.0, "Actual Rows": 0, "Actual Loops": 0, "Output": ["region_1.r_regionkey", "region_1.r_name", "region_1.r_comment"], "Index Cond": "(region_1.r_regionkey = nation_1.n_regionkey)", "Rows Removed by Index Recheck": 0, "Filter": "(region_1.r_name = 'america'::bpchar)", "Rows Removed by Filter": 0}]}]}]}]}, {"Node Type": "Index Scan", "Parent Relationship": "Inner", "Parallel Aware": false, "Scan Direction": "Forward", "Index Name": "idx_supplier_suppkey", "Relation Name": "supplier", "Schema": "public", "Alias": "supplier", "Startup Cost": 0.29, "Total Cost": 0.3, "Plan Rows": 1, "Plan Width": 144, "Actual Startup Time": 0.0, "Actual Total Time": 0.0, "Actual Rows": 0, "Actual Loops": 0, "Output": ["supplier.s_suppkey", "supplier.s_name", "supplier.s_address", "supplier.s_nationkey", "supplier.s_phone", "supplier.s_acctbal", "supplier.s_comment"], "Index Cond": "(supplier.s_suppkey = partsupp.ps_suppkey)", "Rows Removed by Index Recheck": 0}]}, {"Node Type": "Seq Scan", "Parent Relationship": "Inner", "Parallel Aware": false, "Relation Name": "nation", "Schema": "public", "Alias": "nation", "Startup Cost": 0.0, "Total Cost": 15.1, "Plan Rows": 510, "Plan Width": 37, "Actual Startup Time": 0.0, "Actual Total Time": 0.0, "Actual Rows": 0, "Actual Loops": 0, "Output": ["nation.n_nationkey", "nation.n_name", "nation.n_regionkey", "nation.n_comment"]}]}, {"Node Type": "Materialize", "Parent Relationship": "Inner", "Parallel Aware": false, "Startup Cost": 0.0, "Total Cost": 16.52, "Plan Rows": 3, "Plan Width": 4, "Actual Startup Time": 0.0, "Actual Total Time": 0.0, "Actual Rows": 0, "Actual Loops": 0, "Output": ["region.r_regionkey"], "Plans": [{"Node Type": "Seq Scan", "Parent Relationship": "Outer", "Parallel Aware": false, "Relation Name": "region", "Schema": "public", "Alias": "region", "Startup Cost": 0.0, "Total Cost": 16.5, "Plan Rows": 3, "Plan Width": 4, "Actual Startup Time": 0.0, "Actual Total Time": 0.0, "Actual Rows": 0, "Actual Loops": 0, "Output": ["region.r_regionkey"], "Filter": "(region.r_name = 'america'::bpchar)", "Rows Removed by Filter": 0}]}]}]}]}, "Planning Time": 5.44, "Triggers": [], "Execution Time": 63.217}]
q3#####[{"Plan": {"Node Type": "Limit", "Parallel Aware": false, "Startup Cost": 5539.18, "Total Cost": 5539.18, "Plan Rows": 1, "Plan Width": 44, "Actual Startup Time": 50.204, "Actual Total Time": 50.205, "Actual Rows": 0, "Actual Loops": 1, "Output": ["lineitem.l_orderkey", "(sum((lineitem.l_extendedprice * ('1'::numeric - lineitem.l_discount))))", "orders.o_orderdate", "orders.o_shippriority"], "Plans": [{"Node Type": "Sort", "Parent Relationship": "Outer", "Parallel Aware": false, "Startup Cost": 5539.18, "Total Cost": 5539.18, "Plan Rows": 1, "Plan Width": 44, "Actual Startup Time": 50.202, "Actual Total Time": 50.204, "Actual Rows": 0, "Actual Loops": 1, "Output": ["lineitem.l_orderkey", "(sum((lineitem.l_extendedprice * ('1'::numeric - lineitem.l_discount))))", "orders.o_orderdate", "orders.o_shippriority"], "Sort Key": ["(sum((lineitem.l_extendedprice * ('1'::numeric - lineitem.l_discount)))) DESC", "orders.o_orderdate"], "Sort Method": "quicksort", "Sort Space Used": 25, "Sort Space Type": "Memory", "Plans": [{"Node Type": "Aggregate", "Strategy": "Sorted", "Partial Mode": "Simple", "Parent Relationship": "Outer", "Parallel Aware": false, "Startup Cost": 5539.15, "Total Cost": 5539.17, "Plan Rows": 1, "Plan Width": 44, "Actual Startup Time": 50.161, "Actual Total Time": 50.162, "Actual Rows": 0, "Actual Loops": 1, "Output": ["lineitem.l_orderkey", "sum((lineitem.l_extendedprice * ('1'::numeric - lineitem.l_discount)))", "orders.o_orderdate", "orders.o_shippriority"], "Group Key": ["lineitem.l_orderkey", "orders.o_orderdate", "orders.o_shippriority"], "Plans": [{"Node Type": "Sort", "Parent Relationship": "Outer", "Parallel Aware": false, "Startup Cost": 5539.15, "Total Cost": 5539.15, "Plan Rows": 0, "Plan Width": 24, "Actual Startup Time": 50.16, "Actual Total Time": 50.161, "Actual Rows": 0, "Actual Loops": 1, "Output": ["lineitem.l_orderkey", "orders.o_orderdate", "orders.o_shippriority", "lineitem.l_extendedprice", "lineitem.l_discount"], "Sort Key": ["lineitem.l_orderkey", "orders.o_orderdate", "orders.o_shippriority"], "Sort Method": "quicksort", "Sort Space Used": 25, "Sort Space Type": "Memory", "Plans": [{"Node Type": "Nested Loop", "Parent Relationship": "Outer", "Parallel Aware": false, "Join Type": "Inner", "Startup Cost": 4.99, "Total Cost": 5539.14, "Plan Rows": 0, "Plan Width": 24, "Actual Startup Time": 50.149, "Actual Total Time": 50.15, "Actual Rows": 0, "Actual Loops": 1, "Output": ["lineitem.l_orderkey", "orders.o_orderdate", "orders.o_shippriority", "lineitem.l_extendedprice", "lineitem.l_discount"], "Inner Unique": false, "Plans": [{"Node Type": "Nested Loop", "Parent Relationship": "Outer", "Parallel Aware": false, "Join Type": "Inner", "Startup Cost": 4.56, "Total Cost": 5531.59, "Plan Rows": 5, "Plan Width": 12, "Actual Startup Time": 50.148, "Actual Total Time": 50.149, "Actual Rows": 0, "Actual Loops": 1, "Output": ["orders.o_orderdate", "orders.o_shippriority", "orders.o_orderkey"], "Inner Unique": false, "Plans": [{"Node Type": "Seq Scan", "Parent Relationship": "Outer", "Parallel Aware": false, "Relation Name": "customer", "Schema": "public", "Alias": "customer", "Startup Cost": 0.0, "Total Cost": 5460.0, "Plan Rows": 1, "Plan Width": 4, "Actual Startup Time": 50.148, "Actual Total Time": 50.148, "Actual Rows": 0, "Actual Loops": 1, "Output": ["customer.c_custkey", "customer.c_name", "customer.c_address", "customer.c_nationkey", "customer.c_phone", "customer.c_acctbal", "customer.c_mktsegment", "customer.c_comment"], "Filter": "(customer.c_mktsegment = 'building'::bpchar)", "Rows Removed by Filter": 150000}, {"Node Type": "Bitmap Heap Scan", "Parent Relationship": "Inner", "Parallel Aware": false, "Relation Name": "orders", "Schema": "public", "Alias": "orders", "Startup Cost": 4.56, "Total Cost": 71.51, "Plan Rows": 8, "Plan Width": 16, "Actual Startup Time": 0.0, "Actual Total Time": 0.0, "Actual Rows": 0, "Actual Loops": 0, "Output": ["orders.o_orderkey", "orders.o_custkey", "orders.o_orderstatus", "orders.o_totalprice", "orders.o_orderdate", "orders.o_orderpriority", "orders.o_clerk", "orders.o_shippriority", "orders.o_comment"], "Recheck Cond": "(orders.o_custkey = customer.c_custkey)", "Rows Removed by Index Recheck": 0, "Filter": "(orders.o_orderdate < '1995-03-10'::date)", "Rows Removed by Filter": 0, "Exact Heap Blocks": 0, "Lossy Heap Blocks": 0, "Plans": [{"Node Type": "Bitmap Index Scan", "Parent Relationship": "Outer", "Parallel Aware": false, "Index Name": "idx_orders_custkey", "Startup Cost": 0.0, "Total Cost": 4.56, "Plan Rows": 17, "Plan Width": 0, "Actual Startup Time": 0.0, "Actual Total Time": 0.0, "Actual Rows": 0, "Actual Loops": 0, "Index Cond": "(orders.o_custkey = customer.c_custkey)"}]}]}, {"Node Type": "Index Scan", "Parent Relationship": "Inner", "Parallel Aware": false, "Scan Direction": "Forward", "Index Name": "idx_lineitem_orderkey", "Relation Name": "lineitem", "Schema": "public", "Alias": "lineitem", "Startup Cost": 0.43, "Total Cost": 1.43, "Plan Rows": 8, "Plan Width": 16, "Actual Startup Time": 0.0, "Actual Total Time": 0.0, "Actual Rows": 0, "Actual Loops": 0, "Output": ["lineitem.l_orderkey", "lineitem.l_partkey", "lineitem.l_suppkey", "lineitem.l_linenumber", "lineitem.l_quantity", "lineitem.l_extendedprice", "lineitem.l_discount", "lineitem.l_tax", "lineitem.l_returnflag", "lineitem.l_linestatus", "lineitem.l_shipdate", "lineitem.l_commitdate", "lineitem.l_receiptdate", "lineitem.l_shipinstruct", "lineitem.l_shipmode", "lineitem.l_comment"], "Index Cond": "(lineitem.l_orderkey = orders.o_orderkey)", "Rows Removed by Index Recheck": 0, "Filter": "(lineitem.l_shipdate > '1995-03-10'::date)", "Rows Removed by Filter": 0}]}]}]}]}]}, "Planning Time": 3.265, "Triggers": [], "Execution Time": 50.371}]
q1#####[{"Plan": {"Node Type": "Sort", "Parallel Aware": false, "Startup Cost": 425246.89, "Total Cost": 425246.9, "Plan Rows": 6, "Plan Width": 236, "Actual Startup Time": 6485.633, "Actual Total Time": 6485.634, "Actual Rows": 4, "Actual Loops": 1, "Output": ["l_returnflag", "l_linestatus", "(sum(l_quantity))", "(sum(l_extendedprice))", "(sum((l_extendedprice * ('1'::numeric - l_discount))))", "(sum(((l_extendedprice * ('1'::numeric - l_discount)) * ('1'::numeric + l_tax))))", "(avg(l_quantity))", "(avg(l_extendedprice))", "(avg(l_discount))", "(count(*))"], "Sort Key": ["lineitem.l_returnflag", "lineitem.l_linestatus"], "Sort Method": "quicksort", "Sort Space Used": 25, "Sort Space Type": "Memory", "Plans": [{"Node Type": "Aggregate", "Strategy": "Hashed", "Partial Mode": "Simple", "Parent Relationship": "Outer", "Parallel Aware": false, "Startup Cost": 425246.64, "Total Cost": 425246.81, "Plan Rows": 6, "Plan Width": 236, "Actual Startup Time": 6485.592, "Actual Total Time": 6485.6, "Actual Rows": 4, "Actual Loops": 1, "Output": ["l_returnflag", "l_linestatus", "sum(l_quantity)", "sum(l_extendedprice)", "sum((l_extendedprice * ('1'::numeric - l_discount)))", "sum(((l_extendedprice * ('1'::numeric - l_discount)) * ('1'::numeric + l_tax)))", "avg(l_quantity)", "avg(l_extendedprice)", "avg(l_discount)", "count(*)"], "Group Key": ["lineitem.l_returnflag", "lineitem.l_linestatus"], "Planned Partitions": 0, "HashAgg Batches": 1, "Peak Memory Usage": 24, "Disk Usage": 0, "Plans": [{"Node Type": "Seq Scan", "Parent Relationship": "Outer", "Parallel Aware": false, "Relation Name": "lineitem", "Schema": "public", "Alias": "lineitem", "Startup Cost": 0.0, "Total Cost": 187519.16, "Plan Rows": 5943187, "Plan Width": 25, "Actual Startup Time": 0.015, "Actual Total Time": 1277.573, "Actual Rows": 5943992, "Actual Loops": 1, "Output": ["l_orderkey", "l_partkey", "l_suppkey", "l_linenumber", "l_quantity", "l_extendedprice", "l_discount", "l_tax", "l_returnflag", "l_linestatus", "l_shipdate", "l_commitdate", "l_receiptdate", "l_shipinstruct", "l_shipmode", "l_comment"], "Filter": "(lineitem.l_shipdate <= '1998-09-18 00:00:00'::timestamp without time zone)", "Rows Removed by Filter": 57223}]}]}, "Planning Time": 1.596, "Triggers": [], "Execution Time": 6485.73}]
q19#####[{"Plan": {"Node Type": "Aggregate", "Strategy": "Plain", "Partial Mode": "Simple", "Parallel Aware": false, "Startup Cost": 12726.54, "Total Cost": 12726.55, "Plan Rows": 1, "Plan Width": 32, "Actual Startup Time": 60.511, "Actual Total Time": 60.513, "Actual Rows": 1, "Actual Loops": 1, "Output": ["sum((lineitem.l_extendedprice * ('1'::numeric - lineitem.l_discount)))"], "Plans": [{"Node Type": "Nested Loop", "Parent Relationship": "Outer", "Parallel Aware": false, "Join Type": "Inner", "Startup Cost": 4.67, "Total Cost": 12726.53, "Plan Rows": 1, "Plan Width": 12, "Actual Startup Time": 60.508, "Actual Total Time": 60.509, "Actual Rows": 0, "Actual Loops": 1, "Output": ["lineitem.l_extendedprice", "lineitem.l_discount"], "Inner Unique": false, "Plans": [{"Node Type": "Seq Scan", "Parent Relationship": "Outer", "Parallel Aware": false, "Relation Name": "part", "Schema": "public", "Alias": "part", "Startup Cost": 0.0, "Total Cost": 12597.0, "Plan Rows": 1, "Plan Width": 30, "Actual Startup Time": 60.508, "Actual Total Time": 60.508, "Actual Rows": 0, "Actual Loops": 1, "Output": ["part.p_partkey", "part.p_name", "part.p_mfgr", "part.p_brand", "part.p_type", "part.p_size", "part.p_container", "part.p_retailprice", "part.p_comment"], "Filter": "((part.p_size >= 1) AND (((part.p_brand = 'brand#25'::bpchar) AND (part.p_container = ANY ('{\"sm case\",\"sm box\",\"sm pack\",\"sm pkg\"}'::bpchar[])) AND (part.p_size <= 5)) OR ((part.p_brand = 'brand#11'::bpchar) AND (part.p_container = ANY ('{\"med bag\",\"med box\",\"med pkg\",\"med pack\"}'::bpchar[])) AND (part.p_size <= 10)) OR ((part.p_brand = 'brand#24'::bpchar) AND (part.p_container = ANY ('{\"lg case\",\"lg box\",\"lg pack\",\"lg pkg\"}'::bpchar[])) AND (part.p_size <= 15))))", "Rows Removed by Filter": 200000}, {"Node Type": "Bitmap Heap Scan", "Parent Relationship": "Inner", "Parallel Aware": false, "Relation Name": "lineitem", "Schema": "public", "Alias": "lineitem", "Startup Cost": 4.67, "Total Cost": 129.52, "Plan Rows": 1, "Plan Width": 21, "Actual Startup Time": 0.0, "Actual Total Time": 0.0, "Actual Rows": 0, "Actual Loops": 0, "Output": ["lineitem.l_orderkey", "lineitem.l_partkey", "lineitem.l_suppkey", "lineitem.l_linenumber", "lineitem.l_quantity", "lineitem.l_extendedprice", "lineitem.l_discount", "lineitem.l_tax", "lineitem.l_returnflag", "lineitem.l_linestatus", "lineitem.l_shipdate", "lineitem.l_commitdate", "lineitem.l_receiptdate", "lineitem.l_shipinstruct", "lineitem.l_shipmode", "lineitem.l_comment"], "Recheck Cond": "(lineitem.l_partkey = part.p_partkey)", "Rows Removed by Index Recheck": 0, "Filter": "((lineitem.l_shipmode = ANY ('{air,\"air reg\"}'::bpchar[])) AND (lineitem.l_shipinstruct = 'deliver in person'::bpchar) AND (((lineitem.l_quantity >= '6'::numeric) AND (lineitem.l_quantity <= '16'::numeric)) OR ((lineitem.l_quantity >= '11'::numeric) AND (lineitem.l_quantity <= '21'::numeric)) OR ((lineitem.l_quantity >= '25'::numeric) AND (lineitem.l_quantity <= '35'::numeric))) AND (((part.p_brand = 'brand#25'::bpchar) AND (part.p_container = ANY ('{\"sm case\",\"sm box\",\"sm pack\",\"sm pkg\"}'::bpchar[])) AND (lineitem.l_quantity >= '6'::numeric) AND (lineitem.l_quantity <= '16'::numeric) AND (part.p_size <= 5)) OR ((part.p_brand = 'brand#11'::bpchar) AND (part.p_container = ANY ('{\"med bag\",\"med box\",\"med pkg\",\"med pack\"}'::bpchar[])) AND (lineitem.l_quantity >= '11'::numeric) AND (lineitem.l_quantity <= '21'::numeric) AND (part.p_size <= 10)) OR ((part.p_brand = 'brand#24'::bpchar) AND (part.p_container = ANY ('{\"lg case\",\"lg box\",\"lg pack\",\"lg pkg\"}'::bpchar[])) AND (lineitem.l_quantity >= '25'::numeric) AND (lineitem.l_quantity <= '35'::numeric) AND (part.p_size <= 15))))", "Rows Removed by Filter": 0, "Exact Heap Blocks": 0, "Lossy Heap Blocks": 0, "Plans": [{"Node Type": "Bitmap Index Scan", "Parent Relationship": "Outer", "Parallel Aware": false, "Index Name": "idx_lineitem_partkey_suppkey", "Startup Cost": 0.0, "Total Cost": 4.67, "Plan Rows": 31, "Plan Width": 0, "Actual Startup Time": 0.0, "Actual Total Time": 0.0, "Actual Rows": 0, "Actual Loops": 0, "Index Cond": "(lineitem.l_partkey = part.p_partkey)"}]}]}]}, "Planning Time": 2.703, "Triggers": [], "Execution Time": 60.659}]
q8#####[{"Plan": {"Node Type": "Aggregate", "Strategy": "Sorted", "Partial Mode": "Simple", "Parallel Aware": false, "Startup Cost": 52060.67, "Total Cost": 52114.04, "Plan Rows": 1186, "Plan Width": 40, "Actual Startup Time": 0.095, "Actual Total Time": 0.099, "Actual Rows": 0, "Actual Loops": 1, "Output": ["(date_part('year'::text, (orders.o_orderdate)::timestamp without time zone))", "(sum(CASE WHEN (n2.n_name = 'russia'::bpchar) THEN (lineitem.l_extendedprice * ('1'::numeric - lineitem.l_discount)) ELSE '0'::numeric END) / sum((lineitem.l_extendedprice * ('1'::numeric - lineitem.l_discount))))"], "Group Key": ["(date_part('year'::text, (orders.o_orderdate)::timestamp without time zone))"], "Plans": [{"Node Type": "Sort", "Parent Relationship": "Outer", "Parallel Aware": false, "Startup Cost": 52060.67, "Total Cost": 52063.64, "Plan Rows": 1186, "Plan Width": 49, "Actual Startup Time": 0.095, "Actual Total Time": 0.098, "Actual Rows": 0, "Actual Loops": 1, "Output": ["(date_part('year'::text, (orders.o_orderdate)::timestamp without time zone))", "n2.n_name", "lineitem.l_extendedprice", "lineitem.l_discount"], "Sort Key": ["(date_part('year'::text, (orders.o_orderdate)::timestamp without time zone))"], "Sort Method": "quicksort", "Sort Space Used": 25, "Sort Space Type": "Memory", "Plans": [{"Node Type": "Hash Join", "Parent Relationship": "Outer", "Parallel Aware": false, "Join Type": "Inner", "Startup Cost": 6652.98, "Total Cost": 52000.12, "Plan Rows": 1186, "Plan Width": 49, "Actual Startup Time": 0.071, "Actual Total Time": 0.075, "Actual Rows": 0, "Actual Loops": 1, "Output": ["date_part('year'::text, (orders.o_orderdate)::timestamp without time zone)", "n2.n_name", "lineitem.l_extendedprice", "lineitem.l_discount"], "Inner Unique": false, "Hash Cond": "(supplier.s_nationkey = n2.n_nationkey)", "Plans": [{"Node Type": "Nested Loop", "Parent Relationship": "Outer", "Parallel Aware": false, "Join Type": "Inner", "Startup Cost": 6631.5, "Total Cost": 51930.05, "Plan Rows": 465, "Plan Width": 20, "Actual Startup Time": 0.026, "Actual Total Time": 0.029, "Actual Rows": 0, "Actual Loops": 1, "Output": ["lineitem.l_extendedprice", "lineitem.l_discount", "supplier.s_nationkey", "orders.o_orderdate"], "Inner Unique": false, "Plans": [{"Node Type": "Hash Join", "Parent Relationship": "Outer", "Parallel Aware": false, "Join Type": "Inner", "Startup Cost": 6631.22, "Total Cost": 51784.34, "Plan Rows": 466, "Plan Width": 20, "Actual Startup Time": 0.026, "Actual Total Time": 0.029, "Actual Rows": 0, "Actual Loops": 1, "Output": ["lineitem.l_extendedprice", "lineitem.l_discount", "lineitem.l_suppkey", "orders.o_orderdate"], "Inner Unique": false, "Hash Cond": "(lineitem.l_partkey = part.p_partkey)", "Plans": [{"Node Type": "Nested Loop", "Parent Relationship": "Outer", "Parallel Aware": false, "Join Type": "Inner", "Startup Cost": 17.69, "Total Cost": 44901.81, "Plan Rows": 70494, "Plan Width": 24, "Actual Startup Time": 0.025, "Actual Total Time": 0.028, "Actual Rows": 0, "Actual Loops": 1, "Output": ["lineitem.l_extendedprice", "lineitem.l_discount", "lineitem.l_partkey", "lineitem.l_suppkey", "orders.o_orderdate"], "Inner Unique": false, "Plans": [{"Node Type": "Nested Loop", "Parent Relationship": "Outer", "Parallel Aware": false, "Join Type": "Inner", "Startup Cost": 17.26, "Total Cost": 10853.09, "Plan Rows": 17620, "Plan Width": 8, "Actual Startup Time": 0.025, "Actual Total Time": 0.028, "Actual Rows": 0, "Actual Loops": 1, "Output": ["orders.o_orderdate", "orders.o_orderkey"], "Inner Unique": false, "Plans": [{"Node Type": "Nested Loop", "Parent Relationship": "Outer", "Parallel Aware": false, "Join Type": "Inner", "Startup Cost": 16.83, "Total Cost": 1588.9, "Plan Rows": 5738, "Plan Width": 4, "Actual Startup Time": 0.025, "Actual Total Time": 0.028, "Actual Rows": 0, "Actual Loops": 1, "Output": ["customer.c_custkey"], "Inner Unique": false, "Plans": [{"Node Type": "Hash Join", "Parent Relationship": "Outer", "Parallel Aware": false, "Join Type": "Inner", "Startup Cost": 16.54, "Total Cost": 33.63, "Plan Rows": 8, "Plan Width": 4, "Actual Startup Time": 0.025, "Actual Total Time": 0.028, "Actual Rows": 0, "Actual Loops": 1, "Output": ["n1.n_nationkey"], "Inner Unique": false, "Hash Cond": "(n1.n_regionkey = region.r_regionkey)", "Plans": [{"Node Type": "Seq Scan", "Parent Relationship": "Outer", "Parallel Aware": false, "Relation Name": "nation", "Schema": "public", "Alias": "n1", "Startup Cost": 0.0, "Total Cost": 15.1, "Plan Rows": 510, "Plan Width": 8, "Actual Startup Time": 0.002, "Actual Total Time": 0.002, "Actual Rows": 1, "Actual Loops": 1, "Output": ["n1.n_nationkey", "n1.n_name", "n1.n_regionkey", "n1.n_comment"]}, {"Node Type": "Hash", "Parent Relationship": "Inner", "Parallel Aware": false, "Startup Cost": 16.5, "Total Cost": 16.5, "Plan Rows": 3, "Plan Width": 4, "Actual Startup Time": 0.011, "Actual Total Time": 0.013, "Actual Rows": 0, "Actual Loops": 1, "Output": ["region.r_regionkey"], "Hash Buckets": 1024, "Original Hash Buckets": 1024, "Hash Batches": 1, "Original Hash Batches": 1, "Peak Memory Usage": 8, "Plans": [{"Node Type": "Seq Scan", "Parent Relationship": "Outer", "Parallel Aware": false, "Relation Name": "region", "Schema": "public", "Alias": "region", "Startup Cost": 0.0, "Total Cost": 16.5, "Plan Rows": 3, "Plan Width": 4, "Actual Startup Time": 0.01, "Actual Total Time": 0.01, "Actual Rows": 0, "Actual Loops": 1, "Output": ["region.r_regionkey"], "Filter": "(region.r_name = 'europe'::bpchar)", "Rows Removed by Filter": 5}]}]}, {"Node Type": "Index Scan", "Parent Relationship": "Inner", "Parallel Aware": false, "Scan Direction": "Forward", "Index Name": "idx_customer_nationkey", "Relation Name": "customer", "Schema": "public", "Alias": "customer", "Startup Cost": 0.29, "Total Cost": 134.41, "Plan Rows": 6000, "Plan Width": 8, "Actual Startup Time": 0.0, "Actual Total Time": 0.0, "Actual Rows": 0, "Actual Loops": 0, "Output": ["customer.c_custkey", "customer.c_name", "customer.c_address", "customer.c_nationkey", "customer.c_phone", "customer.c_acctbal", "customer.c_mktsegment", "customer.c_comment"], "Index Cond": "(customer.c_nationkey = n1.n_nationkey)", "Rows Removed by Index Recheck": 0}]}, {"Node Type": "Index Scan", "Parent Relationship": "Inner", "Parallel Aware": false, "Scan Direction": "Forward", "Index Name": "idx_orders_custkey", "Relation Name": "orders", "Schema": "public", "Alias": "orders", "Startup Cost": 0.43, "Total Cost": 1.56, "Plan Rows": 5, "Plan Width": 12, "Actual Startup Time": 0.0, "Actual Total Time": 0.0, "Actual Rows": 0, "Actual Loops": 0, "Output": ["orders.o_orderkey", "orders.o_custkey", "orders.o_orderstatus", "orders.o_totalprice", "orders.o_orderdate", "orders.o_orderpriority", "orders.o_clerk", "orders.o_shippriority", "orders.o_comment"], "Index Cond": "(orders.o_custkey = customer.c_custkey)", "Rows Removed by Index Recheck": 0, "Filter": "((orders.o_orderdate >= '1995-01-01'::date) AND (orders.o_orderdate <= '1996-12-31'::date))", "Rows Removed by Filter": 0}]}, {"Node Type": "Index Scan", "Parent Relationship": "Inner", "Parallel Aware": false, "Scan Direction": "Forward", "Index Name": "idx_lineitem_orderkey", "Relation Name": "lineitem", "Schema": "public", "Alias": "lineitem", "Startup Cost": 0.43, "Total Cost": 1.77, "Plan Rows": 16, "Plan Width": 24, "Actual Startup Time": 0.0, "Actual Total Time": 0.0, "Actual Rows": 0, "Actual Loops": 0, "Output": ["lineitem.l_orderkey", "lineitem.l_partkey", "lineitem.l_suppkey", "lineitem.l_linenumber", "lineitem.l_quantity", "lineitem.l_extendedprice", "lineitem.l_discount", "lineitem.l_tax", "lineitem.l_returnflag", "lineitem.l_linestatus", "lineitem.l_shipdate", "lineitem.l_commitdate", "lineitem.l_receiptdate", "lineitem.l_shipinstruct", "lineitem.l_shipmode", "lineitem.l_comment"], "Index Cond": "(lineitem.l_orderkey = orders.o_orderkey)", "Rows Removed by Index Recheck": 0}]}, {"Node Type": "Hash", "Parent Relationship": "Inner", "Parallel Aware": false, "Startup Cost": 6597.0, "Total Cost": 6597.0, "Plan Rows": 1322, "Plan Width": 4, "Actual Startup Time": 0.0, "Actual Total Time": 0.0, "Actual Rows": 0, "Actual Loops": 0, "Output": ["part.p_partkey"], "Plans": [{"Node Type": "Seq Scan", "Parent Relationship": "Outer", "Parallel Aware": false, "Relation Name": "part", "Schema": "public", "Alias": "part", "Startup Cost": 0.0, "Total Cost": 6597.0, "Plan Rows": 1322, "Plan Width": 4, "Actual Startup Time": 0.0, "Actual Total Time": 0.0, "Actual Rows": 0, "Actual Loops": 0, "Output": ["part.p_partkey"], "Filter": "((part.p_type)::text = 'economy brushed brass'::text)", "Rows Removed by Filter": 0}]}]}, {"Node Type": "Index Scan", "Parent Relationship": "Inner", "Parallel Aware": false, "Scan Direction": "Forward", "Index Name": "idx_supplier_suppkey", "Relation Name": "supplier", "Schema": "public", "Alias": "supplier", "Startup Cost": 0.29, "Total Cost": 0.3, "Plan Rows": 1, "Plan Width": 8, "Actual Startup Time": 0.0, "Actual Total Time": 0.0, "Actual Rows": 0, "Actual Loops": 0, "Output": ["supplier.s_suppkey", "supplier.s_name", "supplier.s_address", "supplier.s_nationkey", "supplier.s_phone", "supplier.s_acctbal", "supplier.s_comment"], "Index Cond": "(supplier.s_suppkey = lineitem.l_suppkey)", "Rows Removed by Index Recheck": 0}]}, {"Node Type": "Hash", "Parent Relationship": "Inner", "Parallel Aware": false, "Startup Cost": 15.1, "Total Cost": 15.1, "Plan Rows": 510, "Plan Width": 33, "Actual Startup Time": 0.024, "Actual Total Time": 0.024, "Actual Rows": 25, "Actual Loops": 1, "Output": ["n2.n_name", "n2.n_nationkey"], "Hash Buckets": 1024, "Original Hash Buckets": 1024, "Hash Batches": 1, "Original Hash Batches": 1, "Peak Memory Usage": 10, "Plans": [{"Node Type": "Seq Scan", "Parent Relationship": "Outer", "Parallel Aware": false, "Relation Name": "nation", "Schema": "public", "Alias": "n2", "Startup Cost": 0.0, "Total Cost": 15.1, "Plan Rows": 510, "Plan Width": 33, "Actual Startup Time": 0.015, "Actual Total Time": 0.018, "Actual Rows": 25, "Actual Loops": 1, "Output": ["n2.n_name", "n2.n_nationkey"]}]}]}]}]}, "Planning Time": 5.906, "Triggers": [], "Execution Time": 0.257}]
q9#####[{"Plan": {"Node Type": "Aggregate", "Strategy": "Sorted", "Partial Mode": "Simple", "Parallel Aware": false, "Startup Cost": 99622.12, "Total Cost": 99630.45, "Plan Rows": 222, "Plan Width": 69, "Actual Startup Time": 419.135, "Actual Total Time": 419.163, "Actual Rows": 20, "Actual Loops": 1, "Output": ["nation.n_name", "(date_part('year'::text, (orders.o_orderdate)::timestamp without time zone))", "sum(((lineitem.l_extendedprice * ('1'::numeric - lineitem.l_discount)) - (partsupp.ps_supplycost * lineitem.l_quantity)))"], "Group Key": ["nation.n_name", "(date_part('year'::text, (orders.o_orderdate)::timestamp without time zone))"], "Plans": [{"Node Type": "Sort", "Parent Relationship": "Outer", "Parallel Aware": false, "Startup Cost": 99622.12, "Total Cost": 99622.68, "Plan Rows": 222, "Plan Width": 59, "Actual Startup Time": 419.118, "Actual Total Time": 419.123, "Actual Rows": 25, "Actual Loops": 1, "Output": ["nation.n_name", "(date_part('year'::text, (orders.o_orderdate)::timestamp without time zone))", "lineitem.l_extendedprice", "lineitem.l_discount", "partsupp.ps_supplycost", "lineitem.l_quantity"], "Sort Key": ["nation.n_name", "(date_part('year'::text, (orders.o_orderdate)::timestamp without time zone)) DESC"], "Sort Method": "quicksort", "Sort Space Used": 28, "Sort Space Type": "Memory", "Plans": [{"Node Type": "Nested Loop", "Parent Relationship": "Outer", "Parallel Aware": false, "Join Type": "Inner", "Startup Cost": 6775.05, "Total Cost": 99613.47, "Plan Rows": 222, "Plan Width": 59, "Actual Startup Time": 72.196, "Actual Total Time": 418.997, "Actual Rows": 25, "Actual Loops": 1, "Output": ["nation.n_name", "date_part('year'::text, (orders.o_orderdate)::timestamp without time zone)", "lineitem.l_extendedprice", "lineitem.l_discount", "partsupp.ps_supplycost", "lineitem.l_quantity"], "Inner Unique": false, "Plans": [{"Node Type": "Nested Loop", "Parent Relationship": "Outer", "Parallel Aware": false, "Join Type": "Inner", "Startup Cost": 6774.91, "Total Cost": 99591.93, "Plan Rows": 87, "Plan Width": 30, "Actual Startup Time": 72.18, "Actual Total Time": 418.835, "Actual Rows": 26, "Actual Loops": 1, "Output": ["lineitem.l_extendedprice", "lineitem.l_discount", "lineitem.l_quantity", "supplier.s_nationkey", "partsupp.ps_supplycost", "orders.o_orderdate"], "Inner Unique": false, "Plans": [{"Node Type": "Nested Loop", "Parent Relationship": "Outer", "Parallel Aware": false, "Join Type": "Inner", "Startup Cost": 6774.62, "Total Cost": 99564.73, "Plan Rows": 87, "Plan Width": 34, "Actual Startup Time": 72.163, "Actual Total Time": 418.567, "Actual Rows": 26, "Actual Loops": 1, "Output": ["lineitem.l_extendedprice", "lineitem.l_discount", "lineitem.l_quantity", "lineitem.l_suppkey", "partsupp.ps_supplycost", "partsupp.ps_suppkey", "orders.o_orderdate"], "Inner Unique": false, "Plans": [{"Node Type": "Nested Loop", "Parent Relationship": "Outer", "Parallel Aware": false, "Join Type": "Inner", "Startup Cost": 6774.19, "Total Cost": 99479.2, "Plan Rows": 180, "Plan Width": 34, "Actual Startup Time": 65.434, "Actual Total Time": 417.29, "Actual Rows": 107, "Actual Loops": 1, "Output": ["lineitem.l_extendedprice", "lineitem.l_discount", "lineitem.l_quantity", "lineitem.l_suppkey", "lineitem.l_orderkey", "partsupp.ps_supplycost", "partsupp.ps_suppkey"], "Inner Unique": false, "Plans": [{"Node Type": "Hash Join", "Parent Relationship": "Outer", "Parallel Aware": false, "Join Type": "Inner", "Startup Cost": 6773.76, "Total Cost": 35790.4, "Plan Rows": 56564, "Plan Width": 18, "Actual Startup Time": 51.51, "Actual Total Time": 273.842, "Actual Rows": 43899, "Actual Loops": 1, "Output": ["part.p_partkey", "partsupp.ps_supplycost", "partsupp.ps_suppkey", "partsupp.ps_partkey"], "Inner Unique": false, "Hash Cond": "(partsupp.ps_partkey = part.p_partkey)", "Plans": [{"Node Type": "Seq Scan", "Parent Relationship": "Outer", "Parallel Aware": false, "Relation Name": "partsupp", "Schema": "public", "Alias": "partsupp", "Startup Cost": 0.0, "Total Cost": 25451.0, "Plan Rows": 800000, "Plan Width": 14, "Actual Startup Time": 0.022, "Actual Total Time": 47.966, "Actual Rows": 800000, "Actual Loops": 1, "Output": ["partsupp.ps_partkey", "partsupp.ps_suppkey", "partsupp.ps_availqty", "partsupp.ps_supplycost", "partsupp.ps_comment"]}, {"Node Type": "Hash", "Parent Relationship": "Inner", "Parallel Aware": false, "Startup Cost": 6597.0, "Total Cost": 6597.0, "Plan Rows": 14141, "Plan Width": 4, "Actual Startup Time": 51.355, "Actual Total Time": 51.356, "Actual Rows": 10887, "Actual Loops": 1, "Output": ["part.p_partkey"], "Hash Buckets": 16384, "Original Hash Buckets": 16384, "Hash Batches": 1, "Original Hash Batches": 1, "Peak Memory Usage": 511, "Plans": [{"Node Type": "Seq Scan", "Parent Relationship": "Outer", "Parallel Aware": false, "Relation Name": "part", "Schema": "public", "Alias": "part", "Startup Cost": 0.0, "Total Cost": 6597.0, "Plan Rows": 14141, "Plan Width": 4, "Actual Startup Time": 0.038, "Actual Total Time": 49.117, "Actual Rows": 10887, "Actual Loops": 1, "Output": ["part.p_partkey"], "Filter": "((part.p_name)::text ~~ '%sandy%'::text)", "Rows Removed by Filter": 189113}]}]}, {"Node Type": "Index Scan", "Parent Relationship": "Inner", "Parallel Aware": false, "Scan Direction": "Forward", "Index Name": "idx_lineitem_partkey_suppkey", "Relation Name": "lineitem", "Schema": "public", "Alias": "lineitem", "Startup Cost": 0.43, "Total Cost": 1.12, "Plan Rows": 1, "Plan Width": 28, "Actual Startup Time": 0.003, "Actual Total Time": 0.003, "Actual Rows": 0, "Actual Loops": 43899, "Output": ["lineitem.l_orderkey", "lineitem.l_partkey", "lineitem.l_suppkey", "lineitem.l_linenumber", "lineitem.l_quantity", "lineitem.l_extendedprice", "lineitem.l_discount", "lineitem.l_tax", "lineitem.l_returnflag", "lineitem.l_linestatus", "lineitem.l_shipdate", "lineitem.l_commitdate", "lineitem.l_receiptdate", "lineitem.l_shipinstruct", "lineitem.l_shipmode", "lineitem.l_comment"], "Index Cond": "((lineitem.l_partkey = partsupp.ps_partkey) AND (lineitem.l_suppkey = partsupp.ps_suppkey))", "Rows Removed by Index Recheck": 0}]}, {"Node Type": "Index Scan", "Parent Relationship": "Inner", "Parallel Aware": false, "Scan Direction": "Forward", "Index Name": "idx_orders_orderkey", "Relation Name": "orders", "Schema": "public", "Alias": "orders", "Startup Cost": 0.43, "Total Cost": 0.47, "Plan Rows": 1, "Plan Width": 8, "Actual Startup Time": 0.011, "Actual Total Time": 0.011, "Actual Rows": 0, "Actual Loops": 107, "Output": ["orders.o_orderkey", "orders.o_custkey", "orders.o_orderstatus", "orders.o_totalprice", "orders.o_orderdate", "orders.o_orderpriority", "orders.o_clerk", "orders.o_shippriority", "orders.o_comment"], "Index Cond": "(orders.o_orderkey = lineitem.l_orderkey)", "Rows Removed by Index Recheck": 0}]}, {"Node Type": "Index Scan", "Parent Relationship": "Inner", "Parallel Aware": false, "Scan Direction": "Forward", "Index Name": "idx_supplier_suppkey", "Relation Name": "supplier", "Schema": "public", "Alias": "supplier", "Startup Cost": 0.29, "Total Cost": 0.3, "Plan Rows": 1, "Plan Width": 8, "Actual Startup Time": 0.008, "Actual Total Time": 0.008, "Actual Rows": 1, "Actual Loops": 26, "Output": ["supplier.s_suppkey", "supplier.s_name", "supplier.s_address", "supplier.s_nationkey", "supplier.s_phone", "supplier.s_acctbal", "supplier.s_comment"], "Index Cond": "(supplier.s_suppkey = lineitem.l_suppkey)", "Rows Removed by Index Recheck": 0}]}, {"Node Type": "Index Scan", "Parent Relationship": "Inner", "Parallel Aware": false, "Scan Direction": "Forward", "Index Name": "idx_nation_nationkey", "Relation Name": "nation", "Schema": "public", "Alias": "nation", "Startup Cost": 0.15, "Total Cost": 0.2, "Plan Rows": 3, "Plan Width": 33, "Actual Startup Time": 0.003, "Actual Total Time": 0.003, "Actual Rows": 1, "Actual Loops": 26, "Output": ["nation.n_nationkey", "nation.n_name", "nation.n_regionkey", "nation.n_comment"], "Index Cond": "(nation.n_nationkey = supplier.s_nationkey)", "Rows Removed by Index Recheck": 0}]}]}]}, "Planning Time": 6.544, "Triggers": [], "Execution Time": 419.395}]
q14#####[{"Plan": {"Node Type": "Aggregate", "Strategy": "Plain", "Partial Mode": "Simple", "Parallel Aware": false, "Startup Cost": 213713.56, "Total Cost": 213713.57, "Plan Rows": 1, "Plan Width": 32, "Actual Startup Time": 1279.333, "Actual Total Time": 1279.336, "Actual Rows": 1, "Actual Loops": 1, "Output": ["((100.00 * sum(CASE WHEN ((part.p_type)::text ~~ 'promo%'::text) THEN (lineitem.l_extendedprice * ('1'::numeric - lineitem.l_discount)) ELSE '0'::numeric END)) / sum((lineitem.l_extendedprice * ('1'::numeric - lineitem.l_discount))))"], "Plans": [{"Node Type": "Hash Join", "Parent Relationship": "Outer", "Parallel Aware": false, "Join Type": "Inner", "Startup Cost": 8597.0, "Total Cost": 212260.82, "Plan Rows": 83013, "Plan Width": 33, "Actual Startup Time": 77.8, "Actual Total Time": 1256.384, "Actual Rows": 76742, "Actual Loops": 1, "Output": ["part.p_type", "lineitem.l_extendedprice", "lineitem.l_discount"], "Inner Unique": false, "Hash Cond": "(lineitem.l_partkey = part.p_partkey)", "Plans": [{"Node Type": "Seq Scan", "Parent Relationship": "Outer", "Parallel Aware": false, "Relation Name": "lineitem", "Schema": "public", "Alias": "lineitem", "Startup Cost": 0.0, "Total Cost": 202522.39, "Plan Rows": 83013, "Plan Width": 16, "Actual Startup Time": 0.027, "Actual Total Time": 1145.663, "Actual Rows": 76742, "Actual Loops": 1, "Output": ["lineitem.l_orderkey", "lineitem.l_partkey", "lineitem.l_suppkey", "lineitem.l_linenumber", "lineitem.l_quantity", "lineitem.l_extendedprice", "lineitem.l_discount", "lineitem.l_tax", "lineitem.l_returnflag", "lineitem.l_linestatus", "lineitem.l_shipdate", "lineitem.l_commitdate", "lineitem.l_receiptdate", "lineitem.l_shipinstruct", "lineitem.l_shipmode", "lineitem.l_comment"], "Filter": "((lineitem.l_shipdate >= '1994-01-01'::date) AND (lineitem.l_shipdate < '1994-02-01 00:00:00'::timestamp without time zone))", "Rows Removed by Filter": 5924473}, {"Node Type": "Hash", "Parent Relationship": "Inner", "Parallel Aware": false, "Startup Cost": 6097.0, "Total Cost": 6097.0, "Plan Rows": 200000, "Plan Width": 25, "Actual Startup Time": 76.812, "Actual Total Time": 76.814, "Actual Rows": 200000, "Actual Loops": 1, "Output": ["part.p_type", "part.p_partkey"], "Hash Buckets": 262144, "Original Hash Buckets": 262144, "Hash Batches": 1, "Original Hash Batches": 1, "Peak Memory Usage": 13600, "Plans": [{"Node Type": "Seq Scan", "Parent Relationship": "Outer", "Parallel Aware": false, "Relation Name": "part", "Schema": "public", "Alias": "part", "Startup Cost": 0.0, "Total Cost": 6097.0, "Plan Rows": 200000, "Plan Width": 25, "Actual Startup Time": 0.012, "Actual Total Time": 45.215, "Actual Rows": 200000, "Actual Loops": 1, "Output": ["part.p_type", "part.p_partkey"]}]}]}]}, "Planning Time": 2.145, "Triggers": [], "Execution Time": 1279.548}]
q17#####[{"Plan": {"Node Type": "Aggregate", "Strategy": "Plain", "Partial Mode": "Simple", "Parallel Aware": false, "Startup Cost": 11182.06, "Total Cost": 11182.07, "Plan Rows": 1, "Plan Width": 32, "Actual Startup Time": 55.669, "Actual Total Time": 55.67, "Actual Rows": 1, "Actual Loops": 1, "Output": ["(sum(lineitem.l_extendedprice) / 7.0)"], "Plans": [{"Node Type": "Nested Loop", "Parent Relationship": "Outer", "Parallel Aware": false, "Join Type": "Inner", "Startup Cost": 0.43, "Total Cost": 11182.03, "Plan Rows": 10, "Plan Width": 8, "Actual Startup Time": 55.666, "Actual Total Time": 55.667, "Actual Rows": 0, "Actual Loops": 1, "Output": ["lineitem.l_extendedprice"], "Inner Unique": false, "Plans": [{"Node Type": "Seq Scan", "Parent Relationship": "Outer", "Parallel Aware": false, "Relation Name": "part", "Schema": "public", "Alias": "part", "Startup Cost": 0.0, "Total Cost": 7097.0, "Plan Rows": 1, "Plan Width": 4, "Actual Startup Time": 55.665, "Actual Total Time": 55.666, "Actual Rows": 0, "Actual Loops": 1, "Output": ["part.p_partkey", "part.p_name", "part.p_mfgr", "part.p_brand", "part.p_type", "part.p_size", "part.p_container", "part.p_retailprice", "part.p_comment"], "Filter": "((part.p_brand = 'brand#31'::bpchar) AND (part.p_container = 'lg jar'::bpchar))", "Rows Removed by Filter": 200000}, {"Node Type": "Index Scan", "Parent Relationship": "Inner", "Parallel Aware": false, "Scan Direction": "Forward", "Index Name": "idx_lineitem_partkey_suppkey", "Relation Name": "lineitem", "Schema": "public", "Alias": "lineitem", "Startup Cost": 0.43, "Total Cost": 4084.93, "Plan Rows": 10, "Plan Width": 17, "Actual Startup Time": 0.0, "Actual Total Time": 0.0, "Actual Rows": 0, "Actual Loops": 0, "Output": ["lineitem.l_orderkey", "lineitem.l_partkey", "lineitem.l_suppkey", "lineitem.l_linenumber", "lineitem.l_quantity", "lineitem.l_extendedprice", "lineitem.l_discount", "lineitem.l_tax", "lineitem.l_returnflag", "lineitem.l_linestatus", "lineitem.l_shipdate", "lineitem.l_commitdate", "lineitem.l_receiptdate", "lineitem.l_shipinstruct", "lineitem.l_shipmode", "lineitem.l_comment"], "Index Cond": "(lineitem.l_partkey = part.p_partkey)", "Rows Removed by Index Recheck": 0, "Filter": "(lineitem.l_quantity < (SubPlan 1))", "Rows Removed by Filter": 0, "Plans": [{"Node Type": "Aggregate", "Strategy": "Plain", "Partial Mode": "Simple", "Parent Relationship": "SubPlan", "Subplan Name": "SubPlan 1", "Parallel Aware": false, "Startup Cost": 127.6, "Total Cost": 127.61, "Plan Rows": 1, "Plan Width": 32, "Actual Startup Time": 0.0, "Actual Total Time": 0.0, "Actual Rows": 0, "Actual Loops": 0, "Output": ["(0.2 * avg(lineitem_1.l_quantity))"], "Plans": [{"Node Type": "Bitmap Heap Scan", "Parent Relationship": "Outer", "Parallel Aware": false, "Relation Name": "lineitem", "Schema": "public", "Alias": "lineitem_1", "Startup Cost": 4.67, "Total Cost": 127.52, "Plan Rows": 31, "Plan Width": 5, "Actual Startup Time": 0.0, "Actual Total Time": 0.0, "Actual Rows": 0, "Actual Loops": 0, "Output": ["lineitem_1.l_orderkey", "lineitem_1.l_partkey", "lineitem_1.l_suppkey", "lineitem_1.l_linenumber", "lineitem_1.l_quantity", "lineitem_1.l_extendedprice", "lineitem_1.l_discount", "lineitem_1.l_tax", "lineitem_1.l_returnflag", "lineitem_1.l_linestatus", "lineitem_1.l_shipdate", "lineitem_1.l_commitdate", "lineitem_1.l_receiptdate", "lineitem_1.l_shipinstruct", "lineitem_1.l_shipmode", "lineitem_1.l_comment"], "Recheck Cond": "(lineitem_1.l_partkey = part.p_partkey)", "Rows Removed by Index Recheck": 0, "Exact Heap Blocks": 0, "Lossy Heap Blocks": 0, "Plans": [{"Node Type": "Bitmap Index Scan", "Parent Relationship": "Outer", "Parallel Aware": false, "Index Name": "idx_lineitem_partkey_suppkey", "Startup Cost": 0.0, "Total Cost": 4.67, "Plan Rows": 31, "Plan Width": 0, "Actual Startup Time": 0.0, "Actual Total Time": 0.0, "Actual Rows": 0, "Actual Loops": 0, "Index Cond": "(lineitem_1.l_partkey = part.p_partkey)"}]}]}]}]}]}, "Planning Time": 2.34, "Triggers": [], "Execution Time": 55.848}]
q16#####[{"Plan": {"Node Type": "Sort", "Parallel Aware": false, "Startup Cost": 36541.86, "Total Cost": 36543.23, "Plan Rows": 550, "Plan Width": 44, "Actual Startup Time": 404.524, "Actual Total Time": 405.126, "Actual Rows": 16216, "Actual Loops": 1, "Output": ["part.p_brand", "part.p_type", "part.p_size", "(count(DISTINCT partsupp.ps_suppkey))"], "Sort Key": ["(count(DISTINCT partsupp.ps_suppkey)) DESC", "part.p_brand", "part.p_type", "part.p_size"], "Sort Method": "quicksort", "Sort Space Used": 1667, "Sort Space Type": "Memory", "Plans": [{"Node Type": "Aggregate", "Strategy": "Sorted", "Partial Mode": "Simple", "Parent Relationship": "Outer", "Parallel Aware": false, "Startup Cost": 36504.45, "Total Cost": 36516.82, "Plan Rows": 550, "Plan Width": 44, "Actual Startup Time": 356.294, "Actual Total Time": 391.687, "Actual Rows": 16216, "Actual Loops": 1, "Output": ["part.p_brand", "part.p_type", "part.p_size", "count(DISTINCT partsupp.ps_suppkey)"], "Group Key": ["part.p_brand", "part.p_type", "part.p_size"], "Plans": [{"Node Type": "Sort", "Parent Relationship": "Outer", "Parallel Aware": false, "Startup Cost": 36504.45, "Total Cost": 36505.82, "Plan Rows": 550, "Plan Width": 40, "Actual Startup Time": 356.27, "Actual Total Time": 362.817, "Actual Rows": 112770, "Actual Loops": 1, "Output": ["part.p_brand", "part.p_type", "part.p_size", "partsupp.ps_suppkey"], "Sort Key": ["part.p_brand", "part.p_type", "part.p_size"], "Sort Method": "quicksort", "Sort Space Used": 11883, "Sort Space Type": "Memory", "Plans": [{"Node Type": "Hash Join", "Parent Relationship": "Outer", "Parallel Aware": false, "Join Type": "Inner", "Startup Cost": 9792.65, "Total Cost": 36479.41, "Plan Rows": 550, "Plan Width": 40, "Actual Startup Time": 94.734, "Actual Total Time": 250.679, "Actual Rows": 112770, "Actual Loops": 1, "Output": ["part.p_brand", "part.p_type", "part.p_size", "partsupp.ps_suppkey"], "Inner Unique": false, "Hash Cond": "(partsupp.ps_partkey = part.p_partkey)", "Plans": [{"Node Type": "Index Only Scan", "Parent Relationship": "Outer", "Parallel Aware": false, "Scan Direction": "Forward", "Index Name": "idx_partsupp_partkey_suppkey", "Relation Name": "partsupp", "Schema": "public", "Alias": "partsupp", "Startup Cost": 347.43, "Total Cost": 24983.43, "Plan Rows": 400000, "Plan Width": 8, "Actual Startup Time": 7.8, "Actual Total Time": 97.523, "Actual Rows": 800000, "Actual Loops": 1, "Output": ["partsupp.ps_partkey", "partsupp.ps_suppkey"], "Filter": "(NOT (hashed SubPlan 1))", "Rows Removed by Filter": 0, "Heap Fetches": 0, "Plans": [{"Node Type": "Seq Scan", "Parent Relationship": "SubPlan", "Subplan Name": "SubPlan 1", "Parallel Aware": false, "Relation Name": "supplier", "Schema": "public", "Alias": "supplier", "Startup Cost": 0.0, "Total Cost": 347.0, "Plan Rows": 1, "Plan Width": 4, "Actual Startup Time": 7.711, "Actual Total Time": 7.712, "Actual Rows": 0, "Actual Loops": 1, "Output": ["supplier.s_suppkey"], "Filter": "((supplier.s_comment)::text ~~ '%customer%complaints%'::text)", "Rows Removed by Filter": 10000}]}, {"Node Type": "Hash", "Parent Relationship": "Inner", "Parallel Aware": false, "Startup Cost": 9101.0, "Total Cost": 9101.0, "Plan Rows": 27538, "Plan Width": 40, "Actual Startup Time": 86.533, "Actual Total Time": 86.534, "Actual Rows": 28212, "Actual Loops": 1, "Output": ["part.p_brand", "part.p_type", "part.p_size", "part.p_partkey"], "Hash Buckets": 32768, "Original Hash Buckets": 32768, "Hash Batches": 1, "Original Hash Batches": 1, "Peak Memory Usage": 2302, "Plans": [{"Node Type": "Seq Scan", "Parent Relationship": "Outer", "Parallel Aware": false, "Relation Name": "part", "Schema": "public", "Alias": "part", "Startup Cost": 0.0, "Total Cost": 9101.0, "Plan Rows": 27538, "Plan Width": 40, "Actual Startup Time": 0.43, "Actual Total Time": 78.454, "Actual Rows": 28212, "Actual Loops": 1, "Output": ["part.p_brand", "part.p_type", "part.p_size", "part.p_partkey"], "Filter": "((part.p_brand <> 'brand#33'::bpchar) AND ((part.p_type)::text !~~ 'standard anodized%'::text) AND (part.p_size = ANY ('{15,50,4,8,14,34,29,13}'::integer[])))", "Rows Removed by Filter": 171788}]}]}]}]}]}, "Planning Time": 3.077, "Triggers": [], "Execution Time": 406.165}]
q12#####[{"Plan": {"Node Type": "Aggregate", "Strategy": "Sorted", "Partial Mode": "Simple", "Parallel Aware": false, "Startup Cost": 247540.56, "Total Cost": 247540.59, "Plan Rows": 1, "Plan Width": 27, "Actual Startup Time": 1408.487, "Actual Total Time": 1408.488, "Actual Rows": 0, "Actual Loops": 1, "Output": ["lineitem.l_shipmode", "sum(CASE WHEN ((orders.o_orderpriority = '1-urgent'::bpchar) OR (orders.o_orderpriority = '2-high'::bpchar)) THEN 1 ELSE 0 END)", "sum(CASE WHEN ((orders.o_orderpriority <> '1-urgent'::bpchar) AND (orders.o_orderpriority <> '2-high'::bpchar)) THEN 1 ELSE 0 END)"], "Group Key": ["lineitem.l_shipmode"], "Plans": [{"Node Type": "Sort", "Parent Relationship": "Outer", "Parallel Aware": false, "Startup Cost": 247540.56, "Total Cost": 247540.56, "Plan Rows": 1, "Plan Width": 27, "Actual Startup Time": 1408.485, "Actual Total Time": 1408.486, "Actual Rows": 0, "Actual Loops": 1, "Output": ["lineitem.l_shipmode", "orders.o_orderpriority"], "Sort Key": ["lineitem.l_shipmode"], "Sort Method": "quicksort", "Sort Space Used": 25, "Sort Space Type": "Memory", "Plans": [{"Node Type": "Nested Loop", "Parent Relationship": "Outer", "Parallel Aware": false, "Join Type": "Inner", "Startup Cost": 0.43, "Total Cost": 247540.55, "Plan Rows": 1, "Plan Width": 27, "Actual Startup Time": 1408.449, "Actual Total Time": 1408.45, "Actual Rows": 0, "Actual Loops": 1, "Output": ["lineitem.l_shipmode", "orders.o_orderpriority"], "Inner Unique": false, "Plans": [{"Node Type": "Seq Scan", "Parent Relationship": "Outer", "Parallel Aware": false, "Relation Name": "lineitem", "Schema": "public", "Alias": "lineitem", "Startup Cost": 0.0, "Total Cost": 247532.09, "Plan Rows": 1, "Plan Width": 15, "Actual Startup Time": 1408.448, "Actual Total Time": 1408.449, "Actual Rows": 0, "Actual Loops": 1, "Output": ["lineitem.l_orderkey", "lineitem.l_partkey", "lineitem.l_suppkey", "lineitem.l_linenumber", "lineitem.l_quantity", "lineitem.l_extendedprice", "lineitem.l_discount", "lineitem.l_tax", "lineitem.l_returnflag", "lineitem.l_linestatus", "lineitem.l_shipdate", "lineitem.l_commitdate", "lineitem.l_receiptdate", "lineitem.l_shipinstruct", "lineitem.l_shipmode", "lineitem.l_comment"], "Filter": "((lineitem.l_shipmode = ANY ('{ship,air}'::bpchar[])) AND (lineitem.l_commitdate < lineitem.l_receiptdate) AND (lineitem.l_shipdate < lineitem.l_commitdate) AND (lineitem.l_receiptdate >= '1993-01-01'::date) AND (lineitem.l_receiptdate < '1994-01-01 00:00:00'::timestamp without time zone))", "Rows Removed by Filter": 6001215}, {"Node Type": "Index Scan", "Parent Relationship": "Inner", "Parallel Aware": false, "Scan Direction": "Forward", "Index Name": "idx_orders_orderkey", "Relation Name": "orders", "Schema": "public", "Alias": "orders", "Startup Cost": 0.43, "Total Cost": 8.45, "Plan Rows": 1, "Plan Width": 20, "Actual Startup Time": 0.0, "Actual Total Time": 0.0, "Actual Rows": 0, "Actual Loops": 0, "Output": ["orders.o_orderkey", "orders.o_custkey", "orders.o_orderstatus", "orders.o_totalprice", "orders.o_orderdate", "orders.o_orderpriority", "orders.o_clerk", "orders.o_shippriority", "orders.o_comment"], "Index Cond": "(orders.o_orderkey = lineitem.l_orderkey)", "Rows Removed by Index Recheck": 0}]}]}]}, "Planning Time": 2.274, "Triggers": [], "Execution Time": 1408.628}]
q13#####[{"Plan": {"Node Type": "Sort", "Parallel Aware": false, "Startup Cost": 71708.94, "Total Cost": 71709.44, "Plan Rows": 200, "Plan Width": 16, "Actual Startup Time": 1435.178, "Actual Total Time": 1435.182, "Actual Rows": 42, "Actual Loops": 1, "Output": ["(count(orders.o_orderkey))", "(count(*))"], "Sort Key": ["(count(*)) DESC", "(count(orders.o_orderkey)) DESC"], "Sort Method": "quicksort", "Sort Space Used": 26, "Sort Space Type": "Memory", "Plans": [{"Node Type": "Aggregate", "Strategy": "Hashed", "Partial Mode": "Simple", "Parent Relationship": "Outer", "Parallel Aware": false, "Startup Cost": 71699.3, "Total Cost": 71701.3, "Plan Rows": 200, "Plan Width": 16, "Actual Startup Time": 1435.154, "Actual Total Time": 1435.161, "Actual Rows": 42, "Actual Loops": 1, "Output": ["(count(orders.o_orderkey))", "count(*)"], "Group Key": ["count(orders.o_orderkey)"], "Planned Partitions": 0, "HashAgg Batches": 1, "Peak Memory Usage": 40, "Disk Usage": 0, "Plans": [{"Node Type": "Aggregate", "Strategy": "Hashed", "Partial Mode": "Simple", "Parent Relationship": "Outer", "Parallel Aware": false, "Startup Cost": 71324.35, "Total Cost": 71474.33, "Plan Rows": 14998, "Plan Width": 12, "Actual Startup Time": 1390.743, "Actual Total Time": 1419.474, "Actual Rows": 150000, "Actual Loops": 1, "Output": ["customer.c_custkey", "count(orders.o_orderkey)"], "Group Key": ["customer.c_custkey"], "Planned Partitions": 0, "HashAgg Batches": 1, "Peak Memory Usage": 22545, "Disk Usage": 0, "Plans": [{"Node Type": "Hash Join", "Parent Relationship": "Outer", "Parallel Aware": false, "Join Type": "Right", "Startup Cost": 5781.42, "Total Cost": 71249.36, "Plan Rows": 14998, "Plan Width": 8, "Actual Startup Time": 32.038, "Actual Total Time": 1004.46, "Actual Rows": 1533945, "Actual Loops": 1, "Output": ["customer.c_custkey", "orders.o_orderkey"], "Inner Unique": false, "Hash Cond": "(orders.o_custkey = customer.c_custkey)", "Plans": [{"Node Type": "Seq Scan", "Parent Relationship": "Outer", "Parallel Aware": false, "Relation Name": "orders", "Schema": "public", "Alias": "orders", "Startup Cost": 0.0, "Total Cost": 44845.0, "Plan Rows": 1499850, "Plan Width": 8, "Actual Startup Time": 0.019, "Actual Total Time": 538.224, "Actual Rows": 1483941, "Actual Loops": 1, "Output": ["orders.o_orderkey", "orders.o_custkey", "orders.o_orderstatus", "orders.o_totalprice", "orders.o_orderdate", "orders.o_orderpriority", "orders.o_clerk", "orders.o_shippriority", "orders.o_comment"], "Filter": "((orders.o_comment)::text !~~ '%express%packages%'::text)", "Rows Removed by Filter": 16059}, {"Node Type": "Hash", "Parent Relationship": "Inner", "Parallel Aware": false, "Startup Cost": 3906.42, "Total Cost": 3906.42, "Plan Rows": 150000, "Plan Width": 4, "Actual Startup Time": 31.062, "Actual Total Time": 31.064, "Actual Rows": 150000, "Actual Loops": 1, "Output": ["customer.c_custkey"], "Hash Buckets": 262144, "Original Hash Buckets": 262144, "Hash Batches": 1, "Original Hash Batches": 1, "Peak Memory Usage": 7322, "Plans": [{"Node Type": "Index Only Scan", "Parent Relationship": "Outer", "Parallel Aware": false, "Scan Direction": "Forward", "Index Name": "idx_customer_custkey", "Relation Name": "customer", "Schema": "public", "Alias": "customer", "Startup Cost": 0.42, "Total Cost": 3906.42, "Plan Rows": 150000, "Plan Width": 4, "Actual Startup Time": 0.012, "Actual Total Time": 13.249, "Actual Rows": 150000, "Actual Loops": 1, "Output": ["customer.c_custkey"], "Heap Fetches": 0}]}]}]}]}]}, "Planning Time": 2.292, "Triggers": [], "Execution Time": 1436.85}]
q11#####[{"Plan": {"Node Type": "Sort", "Parallel Aware": false, "Startup Cost": 4484.37, "Total Cost": 4494.37, "Plan Rows": 3998, "Plan Width": 36, "Actual Startup Time": 0.194, "Actual Total Time": 0.197, "Actual Rows": 0, "Actual Loops": 1, "Output": ["partsupp.ps_partkey", "(sum((partsupp.ps_supplycost * (partsupp.ps_availqty)::numeric)))"], "Sort Key": ["(sum((partsupp.ps_supplycost * (partsupp.ps_availqty)::numeric))) DESC"], "Sort Method": "quicksort", "Sort Space Used": 25, "Sort Space Type": "Memory", "Plans": [{"Node Type": "Aggregate", "Strategy": "Plain", "Partial Mode": "Simple", "Parent Relationship": "InitPlan", "Subplan Name": "InitPlan 1 (returns $1)", "Parallel Aware": false, "Startup Cost": 1957.67, "Total Cost": 1957.69, "Plan Rows": 1, "Plan Width": 32, "Actual Startup Time": 0.0, "Actual Total Time": 0.0, "Actual Rows": 0, "Actual Loops": 0, "Output": ["(sum((partsupp_1.ps_supplycost * (partsupp_1.ps_availqty)::numeric)) * 0.0001000000)"], "Plans": [{"Node Type": "Nested Loop", "Parent Relationship": "Outer", "Parallel Aware": false, "Join Type": "Inner", "Startup Cost": 16.84, "Total Cost": 1867.72, "Plan Rows": 11994, "Plan Width": 10, "Actual Startup Time": 0.0, "Actual Total Time": 0.0, "Actual Rows": 0, "Actual Loops": 0, "Output": ["partsupp_1.ps_supplycost", "partsupp_1.ps_availqty"], "Inner Unique": false, "Plans": [{"Node Type": "Hash Join", "Parent Relationship": "Outer", "Parallel Aware": false, "Join Type": "Inner", "Startup Cost": 16.41, "Total Cost": 377.41, "Plan Rows": 150, "Plan Width": 4, "Actual Startup Time": 0.0, "Actual Total Time": 0.0, "Actual Rows": 0, "Actual Loops": 0, "Output": ["supplier_1.s_suppkey"], "Inner Unique": false, "Hash Cond": "(supplier_1.s_nationkey = nation_1.n_nationkey)", "Plans": [{"Node Type": "Seq Scan", "Parent Relationship": "Outer", "Parallel Aware": false, "Relation Name": "supplier", "Schema": "public", "Alias": "supplier_1", "Startup Cost": 0.0, "Total Cost": 322.0, "Plan Rows": 10000, "Plan Width": 8, "Actual Startup Time": 0.0, "Actual Total Time": 0.0, "Actual Rows": 0, "Actual Loops": 0, "Output": ["supplier_1.s_suppkey", "supplier_1.s_name", "supplier_1.s_address", "supplier_1.s_nationkey", "supplier_1.s_phone", "supplier_1.s_acctbal", "supplier_1.s_comment"]}, {"Node Type": "Hash", "Parent Relationship": "Inner", "Parallel Aware": false, "Startup Cost": 16.38, "Total Cost": 16.38, "Plan Rows": 3, "Plan Width": 4, "Actual Startup Time": 0.0, "Actual Total Time": 0.0, "Actual Rows": 0, "Actual Loops": 0, "Output": ["nation_1.n_nationkey"], "Plans": [{"Node Type": "Seq Scan", "Parent Relationship": "Outer", "Parallel Aware": false, "Relation Name": "nation", "Schema": "public", "Alias": "nation_1", "Startup Cost": 0.0, "Total Cost": 16.38, "Plan Rows": 3, "Plan Width": 4, "Actual Startup Time": 0.0, "Actual Total Time": 0.0, "Actual Rows": 0, "Actual Loops": 0, "Output": ["nation_1.n_nationkey"], "Filter": "(nation_1.n_name = 'germany'::bpchar)", "Rows Removed by Filter": 0}]}]}, {"Node Type": "Index Scan", "Parent Relationship": "Inner", "Parallel Aware": false, "Scan Direction": "Forward", "Index Name": "idx_partsupp_suppkey", "Relation Name": "partsupp", "Schema": "public", "Alias": "partsupp_1", "Startup Cost": 0.42, "Total Cost": 9.14, "Plan Rows": 80, "Plan Width": 14, "Actual Startup Time": 0.0, "Actual Total Time": 0.0, "Actual Rows": 0, "Actual Loops": 0, "Output": ["partsupp_1.ps_partkey", "partsupp_1.ps_suppkey", "partsupp_1.ps_availqty", "partsupp_1.ps_supplycost", "partsupp_1.ps_comment"], "Index Cond": "(partsupp_1.ps_suppkey = supplier_1.s_suppkey)", "Rows Removed by Index Recheck": 0}]}]}, {"Node Type": "Aggregate", "Strategy": "Hashed", "Partial Mode": "Simple", "Parent Relationship": "Outer", "Parallel Aware": false, "Startup Cost": 2077.61, "Total Cost": 2287.51, "Plan Rows": 3998, "Plan Width": 36, "Actual Startup Time": 0.14, "Actual Total Time": 0.141, "Actual Rows": 0, "Actual Loops": 1, "Output": ["partsupp.ps_partkey", "sum((partsupp.ps_supplycost * (partsupp.ps_availqty)::numeric))"], "Group Key": ["partsupp.ps_partkey"], "Filter": "(sum((partsupp.ps_supplycost * (partsupp.ps_availqty)::numeric)) > $1)", "Planned Partitions": 0, "HashAgg Batches": 1, "Peak Memory Usage": 409, "Disk Usage": 0, "Rows Removed by Filter": 0, "Plans": [{"Node Type": "Nested Loop", "Parent Relationship": "Outer", "Parallel Aware": false, "Join Type": "Inner", "Startup Cost": 16.84, "Total Cost": 1867.72, "Plan Rows": 11994, "Plan Width": 14, "Actual Startup Time": 0.074, "Actual Total Time": 0.075, "Actual Rows": 0, "Actual Loops": 1, "Output": ["partsupp.ps_partkey", "partsupp.ps_supplycost", "partsupp.ps_availqty"], "Inner Unique": false, "Plans": [{"Node Type": "Hash Join", "Parent Relationship": "Outer", "Parallel Aware": false, "Join Type": "Inner", "Startup Cost": 16.41, "Total Cost": 377.41, "Plan Rows": 150, "Plan Width": 4, "Actual Startup Time": 0.073, "Actual Total Time": 0.074, "Actual Rows": 0, "Actual Loops": 1, "Output": ["supplier.s_suppkey"], "Inner Unique": false, "Hash Cond": "(supplier.s_nationkey = nation.n_nationkey)", "Plans": [{"Node Type": "Seq Scan", "Parent Relationship": "Outer", "Parallel Aware": false, "Relation Name": "supplier", "Schema": "public", "Alias": "supplier", "Startup Cost": 0.0, "Total Cost": 322.0, "Plan Rows": 10000, "Plan Width": 8, "Actual Startup Time": 0.026, "Actual Total Time": 0.026, "Actual Rows": 1, "Actual Loops": 1, "Output": ["supplier.s_suppkey", "supplier.s_name", "supplier.s_address", "supplier.s_nationkey", "supplier.s_phone", "supplier.s_acctbal", "supplier.s_comment"]}, {"Node Type": "Hash", "Parent Relationship": "Inner", "Parallel Aware": false, "Startup Cost": 16.38, "Total Cost": 16.38, "Plan Rows": 3, "Plan Width": 4, "Actual Startup Time": 0.027, "Actual Total Time": 0.027, "Actual Rows": 0, "Actual Loops": 1, "Output": ["nation.n_nationkey"], "Hash Buckets": 1024, "Original Hash Buckets": 1024, "Hash Batches": 1, "Original Hash Batches": 1, "Peak Memory Usage": 8, "Plans": [{"Node Type": "Seq Scan", "Parent Relationship": "Outer", "Parallel Aware": false, "Relation Name": "nation", "Schema": "public", "Alias": "nation", "Startup Cost": 0.0, "Total Cost": 16.38, "Plan Rows": 3, "Plan Width": 4, "Actual Startup Time": 0.027, "Actual Total Time": 0.027, "Actual Rows": 0, "Actual Loops": 1, "Output": ["nation.n_nationkey"], "Filter": "(nation.n_name = 'germany'::bpchar)", "Rows Removed by Filter": 25}]}]}, {"Node Type": "Index Scan", "Parent Relationship": "Inner", "Parallel Aware": false, "Scan Direction": "Forward", "Index Name": "idx_partsupp_suppkey", "Relation Name": "partsupp", "Schema": "public", "Alias": "partsupp", "Startup Cost": 0.42, "Total Cost": 9.14, "Plan Rows": 80, "Plan Width": 18, "Actual Startup Time": 0.0, "Actual Total Time": 0.0, "Actual Rows": 0, "Actual Loops": 0, "Output": ["partsupp.ps_partkey", "partsupp.ps_suppkey", "partsupp.ps_availqty", "partsupp.ps_supplycost", "partsupp.ps_comment"], "Index Cond": "(partsupp.ps_suppkey = supplier.s_suppkey)", "Rows Removed by Index Recheck": 0}]}]}]}, "Planning Time": 2.994, "Triggers": [], "Execution Time": 0.896}]
q10#####[{"Plan": {"Node Type": "Limit", "Parallel Aware": false, "Startup Cost": 187549.99, "Total Cost": 187549.99, "Plan Rows": 3, "Plan Width": 205, "Actual Startup Time": 1167.006, "Actual Total Time": 1167.009, "Actual Rows": 0, "Actual Loops": 1, "Output": ["customer.c_custkey", "customer.c_name", "(sum((lineitem.l_extendedprice * ('1'::numeric - lineitem.l_discount))))", "customer.c_acctbal", "nation.n_name", "customer.c_address", "customer.c_phone", "customer.c_comment"], "Plans": [{"Node Type": "Sort", "Parent Relationship": "Outer", "Parallel Aware": false, "Startup Cost": 187549.99, "Total Cost": 187549.99, "Plan Rows": 3, "Plan Width": 205, "Actual Startup Time": 1167.005, "Actual Total Time": 1167.007, "Actual Rows": 0, "Actual Loops": 1, "Output": ["customer.c_custkey", "customer.c_name", "(sum((lineitem.l_extendedprice * ('1'::numeric - lineitem.l_discount))))", "customer.c_acctbal", "nation.n_name", "customer.c_address", "customer.c_phone", "customer.c_comment"], "Sort Key": ["(sum((lineitem.l_extendedprice * ('1'::numeric - lineitem.l_discount)))) DESC"], "Sort Method": "quicksort", "Sort Space Used": 25, "Sort Space Type": "Memory", "Plans": [{"Node Type": "Aggregate", "Strategy": "Sorted", "Partial Mode": "Simple", "Parent Relationship": "Outer", "Parallel Aware": false, "Startup Cost": 187549.84, "Total Cost": 187549.96, "Plan Rows": 3, "Plan Width": 205, "Actual Startup Time": 1166.956, "Actual Total Time": 1166.958, "Actual Rows": 0, "Actual Loops": 1, "Output": ["customer.c_custkey", "customer.c_name", "sum((lineitem.l_extendedprice * ('1'::numeric - lineitem.l_discount)))", "customer.c_acctbal", "nation.n_name", "customer.c_address", "customer.c_phone", "customer.c_comment"], "Group Key": ["customer.c_custkey", "customer.c_name", "customer.c_acctbal", "customer.c_phone", "nation.n_name", "customer.c_address", "customer.c_comment"], "Plans": [{"Node Type": "Sort", "Parent Relationship": "Outer", "Parallel Aware": false, "Startup Cost": 187549.84, "Total Cost": 187549.85, "Plan Rows": 3, "Plan Width": 185, "Actual Startup Time": 1166.954, "Actual Total Time": 1166.956, "Actual Rows": 0, "Actual Loops": 1, "Output": ["customer.c_custkey", "customer.c_name", "customer.c_acctbal", "nation.n_name", "customer.c_address", "customer.c_phone", "customer.c_comment", "lineitem.l_extendedprice", "lineitem.l_discount"], "Sort Key": ["customer.c_custkey", "customer.c_name", "customer.c_acctbal", "customer.c_phone", "nation.n_name", "customer.c_address", "customer.c_comment"], "Sort Method": "quicksort", "Sort Space Used": 25, "Sort Space Type": "Memory", "Plans": [{"Node Type": "Nested Loop", "Parent Relationship": "Outer", "Parallel Aware": false, "Join Type": "Inner", "Startup Cost": 0.85, "Total Cost": 187549.82, "Plan Rows": 3, "Plan Width": 185, "Actual Startup Time": 1166.895, "Actual Total Time": 1166.896, "Actual Rows": 0, "Actual Loops": 1, "Output": ["customer.c_custkey", "customer.c_name", "customer.c_acctbal", "nation.n_name", "customer.c_address", "customer.c_phone", "customer.c_comment", "lineitem.l_extendedprice", "lineitem.l_discount"], "Inner Unique": false, "Join Filter": "(customer.c_nationkey = nation.n_nationkey)", "Rows Removed by Join Filter": 0, "Plans": [{"Node Type": "Nested Loop", "Parent Relationship": "Outer", "Parallel Aware": false, "Join Type": "Inner", "Startup Cost": 0.85, "Total Cost": 187528.34, "Plan Rows": 1, "Plan Width": 160, "Actual Startup Time": 1166.894, "Actual Total Time": 1166.895, "Actual Rows": 0, "Actual Loops": 1, "Output": ["customer.c_custkey", "customer.c_name", "customer.c_acctbal", "customer.c_address", "customer.c_phone", "customer.c_comment", "customer.c_nationkey", "lineitem.l_extendedprice", "lineitem.l_discount"], "Inner Unique": false, "Plans": [{"Node Type": "Nested Loop", "Parent Relationship": "Outer", "Parallel Aware": false, "Join Type": "Inner", "Startup Cost": 0.43, "Total Cost": 187527.62, "Plan Rows": 1, "Plan Width": 16, "Actual Startup Time": 1166.894, "Actual Total Time": 1166.895, "Actual Rows": 0, "Actual Loops": 1, "Output": ["orders.o_custkey", "lineitem.l_extendedprice", "lineitem.l_discount"], "Inner Unique": false, "Plans": [{"Node Type": "Seq Scan", "Parent Relationship": "Outer", "Parallel Aware": false, "Relation Name": "lineitem", "Schema": "public", "Alias": "lineitem", "Startup Cost": 0.0, "Total Cost": 187519.16, "Plan Rows": 1, "Plan Width": 16, "Actual Startup Time": 1166.893, "Actual Total Time": 1166.893, "Actual Rows": 0, "Actual Loops": 1, "Output": ["lineitem.l_orderkey", "lineitem.l_partkey", "lineitem.l_suppkey", "lineitem.l_linenumber", "lineitem.l_quantity", "lineitem.l_extendedprice", "lineitem.l_discount", "lineitem.l_tax", "lineitem.l_returnflag", "lineitem.l_linestatus", "lineitem.l_shipdate", "lineitem.l_commitdate", "lineitem.l_receiptdate", "lineitem.l_shipinstruct", "lineitem.l_shipmode", "lineitem.l_comment"], "Filter": "(lineitem.l_returnflag = 'r'::bpchar)", "Rows Removed by Filter": 6001215}, {"Node Type": "Index Scan", "Parent Relationship": "Inner", "Parallel Aware": false, "Scan Direction": "Forward", "Index Name": "idx_orders_orderkey", "Relation Name": "orders", "Schema": "public", "Alias": "orders", "Startup Cost": 0.43, "Total Cost": 8.45, "Plan Rows": 1, "Plan Width": 8, "Actual Startup Time": 0.0, "Actual Total Time": 0.0, "Actual Rows": 0, "Actual Loops": 0, "Output": ["orders.o_orderkey", "orders.o_custkey", "orders.o_orderstatus", "orders.o_totalprice", "orders.o_orderdate", "orders.o_orderpriority", "orders.o_clerk", "orders.o_shippriority", "orders.o_comment"], "Index Cond": "(orders.o_orderkey = lineitem.l_orderkey)", "Rows Removed by Index Recheck": 0, "Filter": "((orders.o_orderdate >= '1993-06-01'::date) AND (orders.o_orderdate < '1993-09-01 00:00:00'::timestamp without time zone))", "Rows Removed by Filter": 0}]}, {"Node Type": "Index Scan", "Parent Relationship": "Inner", "Parallel Aware": false, "Scan Direction": "Forward", "Index Name": "idx_customer_custkey", "Relation Name": "customer", "Schema": "public", "Alias": "customer", "Startup Cost": 0.42, "Total Cost": 0.71, "Plan Rows": 1, "Plan Width": 148, "Actual Startup Time": 0.0, "Actual Total Time": 0.0, "Actual Rows": 0, "Actual Loops": 0, "Output": ["customer.c_custkey", "customer.c_name", "customer.c_address", "customer.c_nationkey", "customer.c_phone", "customer.c_acctbal", "customer.c_mktsegment", "customer.c_comment"], "Index Cond": "(customer.c_custkey = orders.o_custkey)", "Rows Removed by Index Recheck": 0}]}, {"Node Type": "Seq Scan", "Parent Relationship": "Inner", "Parallel Aware": false, "Relation Name": "nation", "Schema": "public", "Alias": "nation", "Startup Cost": 0.0, "Total Cost": 15.1, "Plan Rows": 510, "Plan Width": 33, "Actual Startup Time": 0.0, "Actual Total Time": 0.0, "Actual Rows": 0, "Actual Loops": 0, "Output": ["nation.n_nationkey", "nation.n_name", "nation.n_regionkey", "nation.n_comment"]}]}]}]}]}]}, "Planning Time": 3.512, "Triggers": [], "Execution Time": 1167.251}]
q7#####[{"Plan": {"Node Type": "Aggregate", "Strategy": "Sorted", "Partial Mode": "Simple", "Parallel Aware": false, "Startup Cost": 56266.08, "Total Cost": 56266.26, "Plan Rows": 5, "Plan Width": 98, "Actual Startup Time": 0.06, "Actual Total Time": 0.062, "Actual Rows": 0, "Actual Loops": 1, "Output": ["n1.n_name", "n2.n_name", "(date_part('year'::text, (lineitem.l_shipdate)::timestamp without time zone))", "sum((lineitem.l_extendedprice * ('1'::numeric - lineitem.l_discount)))"], "Group Key": ["n1.n_name", "n2.n_name", "(date_part('year'::text, (lineitem.l_shipdate)::timestamp without time zone))"], "Plans": [{"Node Type": "Sort", "Parent Relationship": "Outer", "Parallel Aware": false, "Startup Cost": 56266.08, "Total Cost": 56266.1, "Plan Rows": 5, "Plan Width": 78, "Actual Startup Time": 0.06, "Actual Total Time": 0.061, "Actual Rows": 0, "Actual Loops": 1, "Output": ["n1.n_name", "n2.n_name", "(date_part('year'::text, (lineitem.l_shipdate)::timestamp without time zone))", "lineitem.l_extendedprice", "lineitem.l_discount"], "Sort Key": ["n1.n_name", "n2.n_name", "(date_part('year'::text, (lineitem.l_shipdate)::timestamp without time zone))"], "Sort Method": "quicksort", "Sort Space Used": 25, "Sort Space Type": "Memory", "Plans": [{"Node Type": "Hash Join", "Parent Relationship": "Outer", "Parallel Aware": false, "Join Type": "Inner", "Startup Cost": 401.41, "Total Cost": 56266.03, "Plan Rows": 5, "Plan Width": 78, "Actual Startup Time": 0.035, "Actual Total Time": 0.036, "Actual Rows": 0, "Actual Loops": 1, "Output": ["n1.n_name", "n2.n_name", "date_part('year'::text, (lineitem.l_shipdate)::timestamp without time zone)", "lineitem.l_extendedprice", "lineitem.l_discount"], "Inner Unique": false, "Hash Cond": "(lineitem.l_suppkey = supplier.s_suppkey)", "Join Filter": "(((n1.n_name = 'algeria'::bpchar) AND (n2.n_name = 'russia'::bpchar)) OR ((n1.n_name = 'russia'::bpchar) AND (n2.n_name = 'algeria'::bpchar)))", "Rows Removed by Join Filter": 0, "Plans": [{"Node Type": "Nested Loop", "Parent Relationship": "Outer", "Parallel Aware": false, "Join Type": "Inner", "Startup Cost": 18.57, "Total Cost": 55688.01, "Plan Rows": 45928, "Plan Width": 49, "Actual Startup Time": 0.035, "Actual Total Time": 0.036, "Actual Rows": 0, "Actual Loops": 1, "Output": ["lineitem.l_shipdate", "lineitem.l_extendedprice", "lineitem.l_discount", "lineitem.l_suppkey", "n2.n_name"], "Inner Unique": false, "Plans": [{"Node Type": "Nested Loop", "Parent Relationship": "Outer", "Parallel Aware": false, "Join Type": "Inner", "Startup Cost": 18.14, "Total Cost": 11888.46, "Plan Rows": 37500, "Plan Width": 33, "Actual Startup Time": 0.034, "Actual Total Time": 0.035, "Actual Rows": 0, "Actual Loops": 1, "Output": ["orders.o_orderkey", "n2.n_name"], "Inner Unique": false, "Plans": [{"Node Type": "Hash Join", "Parent Relationship": "Outer", "Parallel Aware": false, "Join Type": "Inner", "Startup Cost": 17.71, "Total Cost": 5702.71, "Plan Rows": 3750, "Plan Width": 33, "Actual Startup Time": 0.034, "Actual Total Time": 0.035, "Actual Rows": 0, "Actual Loops": 1, "Output": ["customer.c_custkey", "n2.n_name"], "Inner Unique": false, "Hash Cond": "(customer.c_nationkey = n2.n_nationkey)", "Plans": [{"Node Type": "Seq Scan", "Parent Relationship": "Outer", "Parallel Aware": false, "Relation Name": "customer", "Schema": "public", "Alias": "customer", "Startup Cost": 0.0, "Total Cost": 5085.0, "Plan Rows": 150000, "Plan Width": 8, "Actual Startup Time": 0.012, "Actual Total Time": 0.012, "Actual Rows": 1, "Actual Loops": 1, "Output": ["customer.c_custkey", "customer.c_name", "customer.c_address", "customer.c_nationkey", "customer.c_phone", "customer.c_acctbal", "customer.c_mktsegment", "customer.c_comment"]}, {"Node Type": "Hash", "Parent Relationship": "Inner", "Parallel Aware": false, "Startup Cost": 17.65, "Total Cost": 17.65, "Plan Rows": 5, "Plan Width": 33, "Actual Startup Time": 0.017, "Actual Total Time": 0.017, "Actual Rows": 0, "Actual Loops": 1, "Output": ["n2.n_name", "n2.n_nationkey"], "Hash Buckets": 1024, "Original Hash Buckets": 1024, "Hash Batches": 1, "Original Hash Batches": 1, "Peak Memory Usage": 8, "Plans": [{"Node Type": "Seq Scan", "Parent Relationship": "Outer", "Parallel Aware": false, "Relation Name": "nation", "Schema": "public", "Alias": "n2", "Startup Cost": 0.0, "Total Cost": 17.65, "Plan Rows": 5, "Plan Width": 33, "Actual Startup Time": 0.016, "Actual Total Time": 0.016, "Actual Rows": 0, "Actual Loops": 1, "Output": ["n2.n_name", "n2.n_nationkey"], "Filter": "((n2.n_name = 'russia'::bpchar) OR (n2.n_name = 'algeria'::bpchar))", "Rows Removed by Filter": 25}]}]}, {"Node Type": "Index Scan", "Parent Relationship": "Inner", "Parallel Aware": false, "Scan Direction": "Forward", "Index Name": "idx_orders_custkey", "Relation Name": "orders", "Schema": "public", "Alias": "orders", "Startup Cost": 0.43, "Total Cost": 1.48, "Plan Rows": 17, "Plan Width": 8, "Actual Startup Time": 0.0, "Actual Total Time": 0.0, "Actual Rows": 0, "Actual Loops": 0, "Output": ["orders.o_orderkey", "orders.o_custkey", "orders.o_orderstatus", "orders.o_totalprice", "orders.o_orderdate", "orders.o_orderpriority", "orders.o_clerk", "orders.o_shippriority", "orders.o_comment"], "Index Cond": "(orders.o_custkey = customer.c_custkey)", "Rows Removed by Index Recheck": 0}]}, {"Node Type": "Index Scan", "Parent Relationship": "Inner", "Parallel Aware": false, "Scan Direction": "Forward", "Index Name": "idx_lineitem_orderkey", "Relation Name": "lineitem", "Schema": "public", "Alias": "lineitem", "Startup Cost": 0.43, "Total Cost": 1.12, "Plan Rows": 5, "Plan Width": 24, "Actual Startup Time": 0.0, "Actual Total Time": 0.0, "Actual Rows": 0, "Actual Loops": 0, "Output": ["lineitem.l_orderkey", "lineitem.l_partkey", "lineitem.l_suppkey", "lineitem.l_linenumber", "lineitem.l_quantity", "lineitem.l_extendedprice", "lineitem.l_discount", "lineitem.l_tax", "lineitem.l_returnflag", "lineitem.l_linestatus", "lineitem.l_shipdate", "lineitem.l_commitdate", "lineitem.l_receiptdate", "lineitem.l_shipinstruct", "lineitem.l_shipmode", "lineitem.l_comment"], "Index Cond": "(lineitem.l_orderkey = orders.o_orderkey)", "Rows Removed by Index Recheck": 0, "Filter": "((lineitem.l_shipdate >= '1995-01-01'::date) AND (lineitem.l_shipdate <= '1996-12-31'::date))", "Rows Removed by Filter": 0}]}, {"Node Type": "Hash", "Parent Relationship": "Inner", "Parallel Aware": false, "Startup Cost": 379.71, "Total Cost": 379.71, "Plan Rows": 250, "Plan Width": 33, "Actual Startup Time": 0.0, "Actual Total Time": 0.0, "Actual Rows": 0, "Actual Loops": 0, "Output": ["supplier.s_suppkey", "n1.n_name"], "Plans": [{"Node Type": "Hash Join", "Parent Relationship": "Outer", "Parallel Aware": false, "Join Type": "Inner", "Startup Cost": 17.71, "Total Cost": 379.71, "Plan Rows": 250, "Plan Width": 33, "Actual Startup Time": 0.0, "Actual Total Time": 0.0, "Actual Rows": 0, "Actual Loops": 0, "Output": ["supplier.s_suppkey", "n1.n_name"], "Inner Unique": false, "Hash Cond": "(supplier.s_nationkey = n1.n_nationkey)", "Plans": [{"Node Type": "Seq Scan", "Parent Relationship": "Outer", "Parallel Aware": false, "Relation Name": "supplier", "Schema": "public", "Alias": "supplier", "Startup Cost": 0.0, "Total Cost": 322.0, "Plan Rows": 10000, "Plan Width": 8, "Actual Startup Time": 0.0, "Actual Total Time": 0.0, "Actual Rows": 0, "Actual Loops": 0, "Output": ["supplier.s_suppkey", "supplier.s_name", "supplier.s_address", "supplier.s_nationkey", "supplier.s_phone", "supplier.s_acctbal", "supplier.s_comment"]}, {"Node Type": "Hash", "Parent Relationship": "Inner", "Parallel Aware": false, "Startup Cost": 17.65, "Total Cost": 17.65, "Plan Rows": 5, "Plan Width": 33, "Actual Startup Time": 0.0, "Actual Total Time": 0.0, "Actual Rows": 0, "Actual Loops": 0, "Output": ["n1.n_name", "n1.n_nationkey"], "Plans": [{"Node Type": "Seq Scan", "Parent Relationship": "Outer", "Parallel Aware": false, "Relation Name": "nation", "Schema": "public", "Alias": "n1", "Startup Cost": 0.0, "Total Cost": 17.65, "Plan Rows": 5, "Plan Width": 33, "Actual Startup Time": 0.0, "Actual Total Time": 0.0, "Actual Rows": 0, "Actual Loops": 0, "Output": ["n1.n_name", "n1.n_nationkey"], "Filter": "((n1.n_name = 'algeria'::bpchar) OR (n1.n_name = 'russia'::bpchar))", "Rows Removed by Filter": 0}]}]}]}]}]}]}, "Planning Time": 5.71, "Triggers": [], "Execution Time": 0.143}]
q5#####[{"Plan": {"Node Type": "Sort", "Parallel Aware": false, "Startup Cost": 37497.26, "Total Cost": 37497.76, "Plan Rows": 200, "Plan Width": 61, "Actual Startup Time": 0.26, "Actual Total Time": 0.268, "Actual Rows": 0, "Actual Loops": 1, "Output": ["nation.n_name", "(sum((lineitem.l_extendedprice * ('1'::numeric - lineitem.l_discount))))"], "Sort Key": ["(sum((lineitem.l_extendedprice * ('1'::numeric - lineitem.l_discount)))) DESC"], "Sort Method": "quicksort", "Sort Space Used": 25, "Sort Space Type": "Memory", "Plans": [{"Node Type": "Aggregate", "Strategy": "Sorted", "Partial Mode": "Simple", "Parent Relationship": "Outer", "Parallel Aware": false, "Startup Cost": 37470.28, "Total Cost": 37489.62, "Plan Rows": 200, "Plan Width": 61, "Actual Startup Time": 0.185, "Actual Total Time": 0.193, "Actual Rows": 0, "Actual Loops": 1, "Output": ["nation.n_name", "sum((lineitem.l_extendedprice * ('1'::numeric - lineitem.l_discount)))"], "Group Key": ["nation.n_name"], "Plans": [{"Node Type": "Sort", "Parent Relationship": "Outer", "Parallel Aware": false, "Startup Cost": 37470.28, "Total Cost": 37473.65, "Plan Rows": 1347, "Plan Width": 41, "Actual Startup Time": 0.184, "Actual Total Time": 0.191, "Actual Rows": 0, "Actual Loops": 1, "Output": ["nation.n_name", "lineitem.l_extendedprice", "lineitem.l_discount"], "Sort Key": ["nation.n_name"], "Sort Method": "quicksort", "Sort Space Used": 25, "Sort Space Type": "Memory", "Plans": [{"Node Type": "Hash Join", "Parent Relationship": "Outer", "Parallel Aware": false, "Join Type": "Inner", "Startup Cost": 473.3, "Total Cost": 37400.27, "Plan Rows": 1347, "Plan Width": 41, "Actual Startup Time": 0.131, "Actual Total Time": 0.138, "Actual Rows": 0, "Actual Loops": 1, "Output": ["nation.n_name", "lineitem.l_extendedprice", "lineitem.l_discount"], "Inner Unique": false, "Hash Cond": "((lineitem.l_suppkey = supplier.s_suppkey) AND (customer.c_nationkey = supplier.s_nationkey))", "Plans": [{"Node Type": "Nested Loop", "Parent Relationship": "Outer", "Parallel Aware": false, "Join Type": "Inner", "Startup Cost": 1.3, "Total Cost": 36661.71, "Plan Rows": 33745, "Plan Width": 53, "Actual Startup Time": 0.13, "Actual Total Time": 0.132, "Actual Rows": 0, "Actual Loops": 1, "Output": ["customer.c_nationkey", "lineitem.l_extendedprice", "lineitem.l_discount", "lineitem.l_suppkey", "nation.n_name", "nation.n_nationkey"], "Inner Unique": false, "Plans": [{"Node Type": "Nested Loop", "Parent Relationship": "Outer", "Parallel Aware": false, "Join Type": "Inner", "Startup Cost": 0.87, "Total Cost": 10799.96, "Plan Rows": 8435, "Plan Width": 41, "Actual Startup Time": 0.129, "Actual Total Time": 0.131, "Actual Rows": 0, "Actual Loops": 1, "Output": ["customer.c_nationkey", "orders.o_orderkey", "nation.n_name", "nation.n_nationkey"], "Inner Unique": false, "Plans": [{"Node Type": "Nested Loop", "Parent Relationship": "Outer", "Parallel Aware": false, "Join Type": "Inner", "Startup Cost": 0.44, "Total Cost": 1650.52, "Plan Rows": 5738, "Plan Width": 41, "Actual Startup Time": 0.129, "Actual Total Time": 0.131, "Actual Rows": 0, "Actual Loops": 1, "Output": ["customer.c_custkey", "customer.c_nationkey", "nation.n_name", "nation.n_nationkey"], "Inner Unique": false, "Plans": [{"Node Type": "Nested Loop", "Parent Relationship": "Outer", "Parallel Aware": false, "Join Type": "Inner", "Startup Cost": 0.15, "Total Cost": 95.25, "Plan Rows": 8, "Plan Width": 33, "Actual Startup Time": 0.129, "Actual Total Time": 0.13, "Actual Rows": 0, "Actual Loops": 1, "Output": ["nation.n_name", "nation.n_nationkey"], "Inner Unique": false, "Join Filter": "(nation.n_regionkey = region.r_regionkey)", "Rows Removed by Join Filter": 0, "Plans": [{"Node Type": "Index Scan", "Parent Relationship": "Outer", "Parallel Aware": false, "Scan Direction": "Forward", "Index Name": "idx_nation_nationkey", "Relation Name": "nation", "Schema": "public", "Alias": "nation", "Startup Cost": 0.15, "Total Cost": 55.8, "Plan Rows": 510, "Plan Width": 37, "Actual Startup Time": 0.059, "Actual Total Time": 0.078, "Actual Rows": 25, "Actual Loops": 1, "Output": ["nation.n_nationkey", "nation.n_name", "nation.n_regionkey", "nation.n_comment"]}, {"Node Type": "Materialize", "Parent Relationship": "Inner", "Parallel Aware": false, "Startup Cost": 0.0, "Total Cost": 16.52, "Plan Rows": 3, "Plan Width": 4, "Actual Startup Time": 0.002, "Actual Total Time": 0.002, "Actual Rows": 0, "Actual Loops": 25, "Output": ["region.r_regionkey"], "Plans": [{"Node Type": "Seq Scan", "Parent Relationship": "Outer", "Parallel Aware": false, "Relation Name": "region", "Schema": "public", "Alias": "region", "Startup Cost": 0.0, "Total Cost": 16.5, "Plan Rows": 3, "Plan Width": 4, "Actual Startup Time": 0.031, "Actual Total Time": 0.031, "Actual Rows": 0, "Actual Loops": 1, "Output": ["region.r_regionkey"], "Filter": "(region.r_name = 'africa'::bpchar)", "Rows Removed by Filter": 5}]}]}, {"Node Type": "Index Scan", "Parent Relationship": "Inner", "Parallel Aware": false, "Scan Direction": "Forward", "Index Name": "idx_customer_nationkey", "Relation Name": "customer", "Schema": "public", "Alias": "customer", "Startup Cost": 0.29, "Total Cost": 134.41, "Plan Rows": 6000, "Plan Width": 8, "Actual Startup Time": 0.0, "Actual Total Time": 0.0, "Actual Rows": 0, "Actual Loops": 0, "Output": ["customer.c_custkey", "customer.c_name", "customer.c_address", "customer.c_nationkey", "customer.c_phone", "customer.c_acctbal", "customer.c_mktsegment", "customer.c_comment"], "Index Cond": "(customer.c_nationkey = nation.n_nationkey)", "Rows Removed by Index Recheck": 0}]}, {"Node Type": "Index Scan", "Parent Relationship": "Inner", "Parallel Aware": false, "Scan Direction": "Forward", "Index Name": "idx_orders_custkey", "Relation Name": "orders", "Schema": "public", "Alias": "orders", "Startup Cost": 0.43, "Total Cost": 1.56, "Plan Rows": 3, "Plan Width": 8, "Actual Startup Time": 0.0, "Actual Total Time": 0.0, "Actual Rows": 0, "Actual Loops": 0, "Output": ["orders.o_orderkey", "orders.o_custkey", "orders.o_orderstatus", "orders.o_totalprice", "orders.o_orderdate", "orders.o_orderpriority", "orders.o_clerk", "orders.o_shippriority", "orders.o_comment"], "Index Cond": "(orders.o_custkey = customer.c_custkey)", "Rows Removed by Index Recheck": 0, "Filter": "((orders.o_orderdate >= '1994-01-01'::date) AND (orders.o_orderdate < '1995-01-01 00:00:00'::timestamp without time zone))", "Rows Removed by Filter": 0}]}, {"Node Type": "Index Scan", "Parent Relationship": "Inner", "Parallel Aware": false, "Scan Direction": "Forward", "Index Name": "idx_lineitem_orderkey", "Relation Name": "lineitem", "Schema": "public", "Alias": "lineitem", "Startup Cost": 0.43, "Total Cost": 2.91, "Plan Rows": 16, "Plan Width": 20, "Actual Startup Time": 0.0, "Actual Total Time": 0.0, "Actual Rows": 0, "Actual Loops": 0, "Output": ["lineitem.l_orderkey", "lineitem.l_partkey", "lineitem.l_suppkey", "lineitem.l_linenumber", "lineitem.l_quantity", "lineitem.l_extendedprice", "lineitem.l_discount", "lineitem.l_tax", "lineitem.l_returnflag", "lineitem.l_linestatus", "lineitem.l_shipdate", "lineitem.l_commitdate", "lineitem.l_receiptdate", "lineitem.l_shipinstruct", "lineitem.l_shipmode", "lineitem.l_comment"], "Index Cond": "(lineitem.l_orderkey = orders.o_orderkey)", "Rows Removed by Index Recheck": 0}]}, {"Node Type": "Hash", "Parent Relationship": "Inner", "Parallel Aware": false, "Startup Cost": 322.0, "Total Cost": 322.0, "Plan Rows": 10000, "Plan Width": 8, "Actual Startup Time": 0.0, "Actual Total Time": 0.0, "Actual Rows": 0, "Actual Loops": 0, "Output": ["supplier.s_suppkey", "supplier.s_nationkey"], "Plans": [{"Node Type": "Seq Scan", "Parent Relationship": "Outer", "Parallel Aware": false, "Relation Name": "supplier", "Schema": "public", "Alias": "supplier", "Startup Cost": 0.0, "Total Cost": 322.0, "Plan Rows": 10000, "Plan Width": 8, "Actual Startup Time": 0.0, "Actual Total Time": 0.0, "Actual Rows": 0, "Actual Loops": 0, "Output": ["supplier.s_suppkey", "supplier.s_nationkey"]}]}]}]}]}]}, "Planning Time": 8.254, "Triggers": [], "Execution Time": 0.544}]
q6#####[{"Plan": {"Node Type": "Aggregate", "Strategy": "Plain", "Partial Mode": "Simple", "Parallel Aware": false, "Startup Cost": 248159.42, "Total Cost": 248159.43, "Plan Rows": 1, "Plan Width": 32, "Actual Startup Time": 1377.52, "Actual Total Time": 1377.521, "Actual Rows": 1, "Actual Loops": 1, "Output": ["sum((l_extendedprice * l_discount))"], "Plans": [{"Node Type": "Seq Scan", "Parent Relationship": "Outer", "Parallel Aware": false, "Relation Name": "lineitem", "Schema": "public", "Alias": "lineitem", "Startup Cost": 0.0, "Total Cost": 247532.09, "Plan Rows": 125466, "Plan Width": 12, "Actual Startup Time": 0.031, "Actual Total Time": 1351.528, "Actual Rows": 118909, "Actual Loops": 1, "Output": ["l_orderkey", "l_partkey", "l_suppkey", "l_linenumber", "l_quantity", "l_extendedprice", "l_discount", "l_tax", "l_returnflag", "l_linestatus", "l_shipdate", "l_commitdate", "l_receiptdate", "l_shipinstruct", "l_shipmode", "l_comment"], "Filter": "((lineitem.l_shipdate >= '1994-01-01'::date) AND (lineitem.l_shipdate < '1995-01-01 00:00:00'::timestamp without time zone) AND (lineitem.l_discount >= 0.01) AND (lineitem.l_discount <= 0.03) AND (lineitem.l_quantity < '25'::numeric))", "Rows Removed by Filter": 5882306}]}, "Planning Time": 1.144, "Triggers": [], "Execution Time": 1377.569}]
q20#####[{"Plan": {"Node Type": "Sort", "Parallel Aware": false, "Startup Cost": 107454.64, "Total Cost": 107454.74, "Plan Rows": 40, "Plan Width": 51, "Actual Startup Time": 7.393, "Actual Total Time": 7.398, "Actual Rows": 0, "Actual Loops": 1, "Output": ["supplier.s_name", "supplier.s_address"], "Sort Key": ["supplier.s_name"], "Sort Method": "quicksort", "Sort Space Used": 25, "Sort Space Type": "Memory", "Plans": [{"Node Type": "Nested Loop", "Parent Relationship": "Outer", "Parallel Aware": false, "Join Type": "Semi", "Startup Cost": 1.13, "Total Cost": 107453.58, "Plan Rows": 40, "Plan Width": 51, "Actual Startup Time": 7.349, "Actual Total Time": 7.354, "Actual Rows": 0, "Actual Loops": 1, "Output": ["supplier.s_name", "supplier.s_address"], "Inner Unique": false, "Plans": [{"Node Type": "Nested Loop", "Parent Relationship": "Outer", "Parallel Aware": false, "Join Type": "Inner", "Startup Cost": 0.29, "Total Cost": 961.82, "Plan Rows": 150, "Plan Width": 55, "Actual Startup Time": 7.348, "Actual Total Time": 7.349, "Actual Rows": 0, "Actual Loops": 1, "Output": ["supplier.s_name", "supplier.s_address", "supplier.s_suppkey"], "Inner Unique": false, "Join Filter": "(supplier.s_nationkey = nation.n_nationkey)", "Rows Removed by Join Filter": 0, "Plans": [{"Node Type": "Index Scan", "Parent Relationship": "Outer", "Parallel Aware": false, "Scan Direction": "Forward", "Index Name": "idx_supplier_suppkey", "Relation Name": "supplier", "Schema": "public", "Alias": "supplier", "Startup Cost": 0.29, "Total Cost": 495.44, "Plan Rows": 10000, "Plan Width": 59, "Actual Startup Time": 0.025, "Actual Total Time": 4.586, "Actual Rows": 10000, "Actual Loops": 1, "Output": ["supplier.s_suppkey", "supplier.s_name", "supplier.s_address", "supplier.s_nationkey", "supplier.s_phone", "supplier.s_acctbal", "supplier.s_comment"]}, {"Node Type": "Materialize", "Parent Relationship": "Inner", "Parallel Aware": false, "Startup Cost": 0.0, "Total Cost": 16.39, "Plan Rows": 3, "Plan Width": 4, "Actual Startup Time": 0.0, "Actual Total Time": 0.0, "Actual Rows": 0, "Actual Loops": 10000, "Output": ["nation.n_nationkey"], "Plans": [{"Node Type": "Seq Scan", "Parent Relationship": "Outer", "Parallel Aware": false, "Relation Name": "nation", "Schema": "public", "Alias": "nation", "Startup Cost": 0.0, "Total Cost": 16.38, "Plan Rows": 3, "Plan Width": 4, "Actual Startup Time": 0.027, "Actual Total Time": 0.027, "Actual Rows": 0, "Actual Loops": 1, "Output": ["nation.n_nationkey"], "Filter": "(nation.n_name = 'brazil'::bpchar)", "Rows Removed by Filter": 25}]}]}, {"Node Type": "Nested Loop", "Parent Relationship": "Inner", "Parallel Aware": false, "Join Type": "Semi", "Startup Cost": 0.84, "Total Cost": 709.94, "Plan Rows": 1, "Plan Width": 4, "Actual Startup Time": 0.0, "Actual Total Time": 0.0, "Actual Rows": 0, "Actual Loops": 0, "Output": ["partsupp.ps_suppkey"], "Inner Unique": false, "Plans": [{"Node Type": "Index Scan", "Parent Relationship": "Outer", "Parallel Aware": false, "Scan Direction": "Forward", "Index Name": "idx_partsupp_suppkey", "Relation Name": "partsupp", "Schema": "public", "Alias": "partsupp", "Startup Cost": 0.42, "Total Cost": 696.08, "Plan Rows": 27, "Plan Width": 8, "Actual Startup Time": 0.0, "Actual Total Time": 0.0, "Actual Rows": 0, "Actual Loops": 0, "Output": ["partsupp.ps_partkey", "partsupp.ps_suppkey", "partsupp.ps_availqty", "partsupp.ps_supplycost", "partsupp.ps_comment"], "Index Cond": "(partsupp.ps_suppkey = supplier.s_suppkey)", "Rows Removed by Index Recheck": 0, "Filter": "((partsupp.ps_availqty)::numeric > (SubPlan 1))", "Rows Removed by Filter": 0, "Plans": [{"Node Type": "Aggregate", "Strategy": "Plain", "Partial Mode": "Simple", "Parent Relationship": "SubPlan", "Subplan Name": "SubPlan 1", "Parallel Aware": false, "Startup Cost": 8.46, "Total Cost": 8.47, "Plan Rows": 1, "Plan Width": 32, "Actual Startup Time": 0.0, "Actual Total Time": 0.0, "Actual Rows": 0, "Actual Loops": 0, "Output": ["(0.5 * sum(lineitem.l_quantity))"], "Plans": [{"Node Type": "Index Scan", "Parent Relationship": "Outer", "Parallel Aware": false, "Scan Direction": "Forward", "Index Name": "idx_lineitem_partkey_suppkey", "Relation Name": "lineitem", "Schema": "public", "Alias": "lineitem", "Startup Cost": 0.43, "Total Cost": 8.46, "Plan Rows": 1, "Plan Width": 4, "Actual Startup Time": 0.0, "Actual Total Time": 0.0, "Actual Rows": 0, "Actual Loops": 0, "Output": ["lineitem.l_orderkey", "lineitem.l_partkey", "lineitem.l_suppkey", "lineitem.l_linenumber", "lineitem.l_quantity", "lineitem.l_extendedprice", "lineitem.l_discount", "lineitem.l_tax", "lineitem.l_returnflag", "lineitem.l_linestatus", "lineitem.l_shipdate", "lineitem.l_commitdate", "lineitem.l_receiptdate", "lineitem.l_shipinstruct", "lineitem.l_shipmode", "lineitem.l_comment"], "Index Cond": "((lineitem.l_partkey = partsupp.ps_partkey) AND (lineitem.l_suppkey = partsupp.ps_suppkey))", "Rows Removed by Index Recheck": 0, "Filter": "((lineitem.l_shipdate >= '1993-01-01'::date) AND (lineitem.l_shipdate < '1994-01-01 00:00:00'::timestamp without time zone))", "Rows Removed by Filter": 0}]}]}, {"Node Type": "Index Scan", "Parent Relationship": "Inner", "Parallel Aware": false, "Scan Direction": "Forward", "Index Name": "idx_part_partkey", "Relation Name": "part", "Schema": "public", "Alias": "part", "Startup Cost": 0.42, "Total Cost": 0.51, "Plan Rows": 1, "Plan Width": 4, "Actual Startup Time": 0.0, "Actual Total Time": 0.0, "Actual Rows": 0, "Actual Loops": 0, "Output": ["part.p_partkey", "part.p_name", "part.p_mfgr", "part.p_brand", "part.p_type", "part.p_size", "part.p_container", "part.p_retailprice", "part.p_comment"], "Index Cond": "(part.p_partkey = partsupp.ps_partkey)", "Rows Removed by Index Recheck": 0, "Filter": "((part.p_name)::text ~~ 'yellow%'::text)", "Rows Removed by Filter": 0}]}]}]}, "Planning Time": 4.9, "Triggers": [], "Execution Time": 7.536}]
q18#####[{"Plan": {"Node Type": "Limit", "Parallel Aware": false, "Startup Cost": 698037.55, "Total Cost": 698037.8, "Plan Rows": 100, "Plan Width": 71, "Actual Startup Time": 5796.724, "Actual Total Time": 5796.73, "Actual Rows": 0, "Actual Loops": 1, "Output": ["customer.c_name", "customer.c_custkey", "orders.o_orderkey", "orders.o_orderdate", "orders.o_totalprice", "(sum(lineitem.l_quantity))"], "Plans": [{"Node Type": "Sort", "Parent Relationship": "Outer", "Parallel Aware": false, "Startup Cost": 698037.55, "Total Cost": 703038.33, "Plan Rows": 2000310, "Plan Width": 71, "Actual Startup Time": 5796.723, "Actual Total Time": 5796.728, "Actual Rows": 0, "Actual Loops": 1, "Output": ["customer.c_name", "customer.c_custkey", "orders.o_orderkey", "orders.o_orderdate", "orders.o_totalprice", "(sum(lineitem.l_quantity))"], "Sort Key": ["orders.o_totalprice DESC", "orders.o_orderdate"], "Sort Method": "quicksort", "Sort Space Used": 25, "Sort Space Type": "Memory", "Plans": [{"Node Type": "Aggregate", "Strategy": "Hashed", "Partial Mode": "Simple", "Parent Relationship": "Outer", "Parallel Aware": false, "Startup Cost": 596583.27, "Total Cost": 621587.14, "Plan Rows": 2000310, "Plan Width": 71, "Actual Startup Time": 5796.672, "Actual Total Time": 5796.677, "Actual Rows": 0, "Actual Loops": 1, "Output": ["customer.c_name", "customer.c_custkey", "orders.o_orderkey", "orders.o_orderdate", "orders.o_totalprice", "sum(lineitem.l_quantity)"], "Group Key": ["orders.o_totalprice", "orders.o_orderdate", "customer.c_name", "customer.c_custkey", "orders.o_orderkey"], "Planned Partitions": 0, "HashAgg Batches": 1, "Peak Memory Usage": 98329, "Disk Usage": 0, "Plans": [{"Node Type": "Hash Join", "Parent Relationship": "Outer", "Parallel Aware": false, "Join Type": "Inner", "Startup Cost": 351533.76, "Total Cost": 566578.62, "Plan Rows": 2000310, "Plan Width": 43, "Actual Startup Time": 5787.446, "Actual Total Time": 5787.452, "Actual Rows": 0, "Actual Loops": 1, "Output": ["customer.c_name", "customer.c_custkey", "orders.o_orderkey", "orders.o_orderdate", "orders.o_totalprice", "lineitem.l_quantity"], "Inner Unique": false, "Hash Cond": "(lineitem.l_orderkey = orders.o_orderkey)", "Plans": [{"Node Type": "Seq Scan", "Parent Relationship": "Outer", "Parallel Aware": false, "Relation Name": "lineitem", "Schema": "public", "Alias": "lineitem", "Startup Cost": 0.0, "Total Cost": 172538.28, "Plan Rows": 6000928, "Plan Width": 8, "Actual Startup Time": 0.011, "Actual Total Time": 0.012, "Actual Rows": 1, "Actual Loops": 1, "Output": ["lineitem.l_orderkey", "lineitem.l_partkey", "lineitem.l_suppkey", "lineitem.l_linenumber", "lineitem.l_quantity", "lineitem.l_extendedprice", "lineitem.l_discount", "lineitem.l_tax", "lineitem.l_returnflag", "lineitem.l_linestatus", "lineitem.l_shipdate", "lineitem.l_commitdate", "lineitem.l_receiptdate", "lineitem.l_shipinstruct", "lineitem.l_shipmode", "lineitem.l_comment"]}, {"Node Type": "Hash", "Parent Relationship": "Inner", "Parallel Aware": false, "Startup Cost": 338600.65, "Total Cost": 338600.65, "Plan Rows": 1034649, "Plan Width": 43, "Actual Startup Time": 5783.842, "Actual Total Time": 5783.846, "Actual Rows": 0, "Actual Loops": 1, "Output": ["customer.c_name", "customer.c_custkey", "orders.o_orderkey", "orders.o_orderdate", "orders.o_totalprice", "lineitem_1.l_orderkey"], "Hash Buckets": 1048576, "Original Hash Buckets": 1048576, "Hash Batches": 1, "Original Hash Batches": 1, "Peak Memory Usage": 8192, "Plans": [{"Node Type": "Hash Join", "Parent Relationship": "Outer", "Parallel Aware": false, "Join Type": "Inner", "Startup Cost": 279341.71, "Total Cost": 338600.65, "Plan Rows": 1034649, "Plan Width": 43, "Actual Startup Time": 5783.842, "Actual Total Time": 5783.845, "Actual Rows": 0, "Actual Loops": 1, "Output": ["customer.c_name", "customer.c_custkey", "orders.o_orderkey", "orders.o_orderdate", "orders.o_totalprice", "lineitem_1.l_orderkey"], "Inner Unique": false, "Hash Cond": "(orders.o_custkey = customer.c_custkey)", "Plans": [{"Node Type": "Hash Join", "Parent Relationship": "Outer", "Parallel Aware": false, "Join Type": "Inner", "Startup Cost": 272381.71, "Total Cost": 317414.22, "Plan Rows": 1034649, "Plan Width": 24, "Actual Startup Time": 5722.77, "Actual Total Time": 5722.772, "Actual Rows": 0, "Actual Loops": 1, "Output": ["orders.o_orderkey", "orders.o_orderdate", "orders.o_totalprice", "orders.o_custkey", "lineitem_1.l_orderkey"], "Inner Unique": true, "Hash Cond": "(orders.o_orderkey = lineitem_1.l_orderkey)", "Plans": [{"Node Type": "Seq Scan", "Parent Relationship": "Outer", "Parallel Aware": false, "Relation Name": "orders", "Schema": "public", "Alias": "orders", "Startup Cost": 0.0, "Total Cost": 41095.0, "Plan Rows": 1500000, "Plan Width": 20, "Actual Startup Time": 0.015, "Actual Total Time": 0.015, "Actual Rows": 1, "Actual Loops": 1, "Output": ["orders.o_orderkey", "orders.o_custkey", "orders.o_orderstatus", "orders.o_totalprice", "orders.o_orderdate", "orders.o_orderpriority", "orders.o_clerk", "orders.o_shippriority", "orders.o_comment"]}, {"Node Type": "Hash", "Parent Relationship": "Inner", "Parallel Aware": false, "Startup Cost": 259448.6, "Total Cost": 259448.6, "Plan Rows": 1034649, "Plan Width": 4, "Actual Startup Time": 5719.036, "Actual Total Time": 5719.037, "Actual Rows": 0, "Actual Loops": 1, "Output": ["lineitem_1.l_orderkey"], "Hash Buckets": 1048576, "Original Hash Buckets": 1048576, "Hash Batches": 1, "Original Hash Batches": 1, "Peak Memory Usage": 8192, "Plans": [{"Node Type": "Aggregate", "Strategy": "Hashed", "Partial Mode": "Simple", "Parent Relationship": "Outer", "Parallel Aware": false, "Startup Cost": 202542.92, "Total Cost": 249102.11, "Plan Rows": 1034649, "Plan Width": 4, "Actual Startup Time": 5719.035, "Actual Total Time": 5719.035, "Actual Rows": 0, "Actual Loops": 1, "Output": ["lineitem_1.l_orderkey"], "Group Key": ["lineitem_1.l_orderkey"], "Filter": "(sum(lineitem_1.l_quantity) > '312'::numeric)", "Planned Partitions": 0, "HashAgg Batches": 1, "Peak Memory Usage": 1204241, "Disk Usage": 0, "Rows Removed by Filter": 3769906, "Plans": [{"Node Type": "Seq Scan", "Parent Relationship": "Outer", "Parallel Aware": false, "Relation Name": "lineitem", "Schema": "public", "Alias": "lineitem_1", "Startup Cost": 0.0, "Total Cost": 172538.28, "Plan Rows": 6000928, "Plan Width": 8, "Actual Startup Time": 0.006, "Actual Total Time": 343.042, "Actual Rows": 6001215, "Actual Loops": 1, "Output": ["lineitem_1.l_orderkey", "lineitem_1.l_partkey", "lineitem_1.l_suppkey", "lineitem_1.l_linenumber", "lineitem_1.l_quantity", "lineitem_1.l_extendedprice", "lineitem_1.l_discount", "lineitem_1.l_tax", "lineitem_1.l_returnflag", "lineitem_1.l_linestatus", "lineitem_1.l_shipdate", "lineitem_1.l_commitdate", "lineitem_1.l_receiptdate", "lineitem_1.l_shipinstruct", "lineitem_1.l_shipmode", "lineitem_1.l_comment"]}]}]}]}, {"Node Type": "Hash", "Parent Relationship": "Inner", "Parallel Aware": false, "Startup Cost": 5085.0, "Total Cost": 5085.0, "Plan Rows": 150000, "Plan Width": 23, "Actual Startup Time": 60.163, "Actual Total Time": 60.164, "Actual Rows": 150000, "Actual Loops": 1, "Output": ["customer.c_name", "customer.c_custkey"], "Hash Buckets": 262144, "Original Hash Buckets": 262144, "Hash Batches": 1, "Original Hash Batches": 1, "Peak Memory Usage": 10252, "Plans": [{"Node Type": "Seq Scan", "Parent Relationship": "Outer", "Parallel Aware": false, "Relation Name": "customer", "Schema": "public", "Alias": "customer", "Startup Cost": 0.0, "Total Cost": 5085.0, "Plan Rows": 150000, "Plan Width": 23, "Actual Startup Time": 0.849, "Actual Total Time": 32.494, "Actual Rows": 150000, "Actual Loops": 1, "Output": ["customer.c_name", "customer.c_custkey"]}]}]}]}]}]}]}]}, "Planning Time": 3.706, "Triggers": [], "Execution Time": 5962.608}]
q22#####[{"Plan": {"Node Type": "Aggregate", "Strategy": "Sorted", "Partial Mode": "Simple", "Parallel Aware": false, "Startup Cost": 16350.66, "Total Cost": 16370.9, "Plan Rows": 736, "Plan Width": 72, "Actual Startup Time": 176.299, "Actual Total Time": 177.195, "Actual Rows": 7, "Actual Loops": 1, "Output": ["(\"substring\"((customer.c_phone)::text, 1, 2))", "count(*)", "sum(customer.c_acctbal)"], "Group Key": ["(\"substring\"((customer.c_phone)::text, 1, 2))"], "Plans": [{"Node Type": "Aggregate", "Strategy": "Plain", "Partial Mode": "Simple", "Parent Relationship": "InitPlan", "Subplan Name": "InitPlan 1 (returns $0)", "Parallel Aware": false, "Startup Cost": 7534.4, "Total Cost": 7534.41, "Plan Rows": 1, "Plan Width": 32, "Actual Startup Time": 92.117, "Actual Total Time": 92.119, "Actual Rows": 1, "Actual Loops": 1, "Output": ["avg(customer_1.c_acctbal)"], "Plans": [{"Node Type": "Seq Scan", "Parent Relationship": "Outer", "Parallel Aware": false, "Relation Name": "customer", "Schema": "public", "Alias": "customer_1", "Startup Cost": 0.0, "Total Cost": 7522.5, "Plan Rows": 4761, "Plan Width": 6, "Actual Startup Time": 0.015, "Actual Total Time": 87.507, "Actual Rows": 38076, "Actual Loops": 1, "Output": ["customer_1.c_custkey", "customer_1.c_name", "customer_1.c_address", "customer_1.c_nationkey", "customer_1.c_phone", "customer_1.c_acctbal", "customer_1.c_mktsegment", "customer_1.c_comment"], "Filter": "((customer_1.c_acctbal > 0.00) AND (\"substring\"((customer_1.c_phone)::text, 1, 2) = ANY ('{12,15,26,24,16,25,34}'::text[])))", "Rows Removed by Filter": 111924}]}, {"Node Type": "Sort", "Parent Relationship": "Outer", "Parallel Aware": false, "Startup Cost": 8816.24, "Total Cost": 8818.08, "Plan Rows": 736, "Plan Width": 38, "Actual Startup Time": 176.136, "Actual Total Time": 176.341, "Actual Rows": 6232, "Actual Loops": 1, "Output": ["(\"substring\"((customer.c_phone)::text, 1, 2))", "customer.c_acctbal"], "Sort Key": ["(\"substring\"((customer.c_phone)::text, 1, 2))"], "Sort Method": "quicksort", "Sort Space Used": 485, "Sort Space Type": "Memory", "Plans": [{"Node Type": "Nested Loop", "Parent Relationship": "Outer", "Parallel Aware": false, "Join Type": "Anti", "Startup Cost": 0.43, "Total Cost": 8781.2, "Plan Rows": 736, "Plan Width": 38, "Actual Startup Time": 92.181, "Actual Total Time": 174.436, "Actual Rows": 6232, "Actual Loops": 1, "Output": ["\"substring\"((customer.c_phone)::text, 1, 2)", "customer.c_acctbal"], "Inner Unique": false, "Plans": [{"Node Type": "Seq Scan", "Parent Relationship": "Outer", "Parallel Aware": false, "Relation Name": "customer", "Schema": "public", "Alias": "customer", "Startup Cost": 0.0, "Total Cost": 7522.5, "Plan Rows": 1750, "Plan Width": 26, "Actual Startup Time": 92.16, "Actual Total Time": 140.25, "Actual Rows": 19026, "Actual Loops": 1, "Output": ["customer.c_custkey", "customer.c_name", "customer.c_address", "customer.c_nationkey", "customer.c_phone", "customer.c_acctbal", "customer.c_mktsegment", "customer.c_comment"], "Filter": "((customer.c_acctbal > $0) AND (\"substring\"((customer.c_phone)::text, 1, 2) = ANY ('{12,15,26,24,16,25,34}'::text[])))", "Rows Removed by Filter": 130974}, {"Node Type": "Index Only Scan", "Parent Relationship": "Inner", "Parallel Aware": false, "Scan Direction": "Forward", "Index Name": "idx_orders_custkey", "Relation Name": "orders", "Schema": "public", "Alias": "orders", "Startup Cost": 0.43, "Total Cost": 3.59, "Plan Rows": 17, "Plan Width": 4, "Actual Startup Time": 0.002, "Actual Total Time": 0.002, "Actual Rows": 1, "Actual Loops": 19026, "Output": ["orders.o_custkey"], "Index Cond": "(orders.o_custkey = customer.c_custkey)", "Rows Removed by Index Recheck": 0, "Heap Fetches": 0}]}]}]}, "Planning Time": 2.22, "Triggers": [], "Execution Time": 177.395}]
q21#####[{"Plan": {"Node Type": "Limit", "Parallel Aware": false, "Startup Cost": 45319.5, "Total Cost": 45319.51, "Plan Rows": 1, "Plan Width": 34, "Actual Startup Time": 283.097, "Actual Total Time": 283.101, "Actual Rows": 0, "Actual Loops": 1, "Output": ["supplier.s_name", "(count(*))"], "Plans": [{"Node Type": "Sort", "Parent Relationship": "Outer", "Parallel Aware": false, "Startup Cost": 45319.5, "Total Cost": 45319.51, "Plan Rows": 1, "Plan Width": 34, "Actual Startup Time": 283.096, "Actual Total Time": 283.099, "Actual Rows": 0, "Actual Loops": 1, "Output": ["supplier.s_name", "(count(*))"], "Sort Key": ["(count(*)) DESC", "supplier.s_name"], "Sort Method": "quicksort", "Sort Space Used": 25, "Sort Space Type": "Memory", "Plans": [{"Node Type": "Aggregate", "Strategy": "Sorted", "Partial Mode": "Simple", "Parent Relationship": "Outer", "Parallel Aware": false, "Startup Cost": 45319.47, "Total Cost": 45319.49, "Plan Rows": 1, "Plan Width": 34, "Actual Startup Time": 283.007, "Actual Total Time": 283.01, "Actual Rows": 0, "Actual Loops": 1, "Output": ["supplier.s_name", "count(*)"], "Group Key": ["supplier.s_name"], "Plans": [{"Node Type": "Sort", "Parent Relationship": "Outer", "Parallel Aware": false, "Startup Cost": 45319.47, "Total Cost": 45319.48, "Plan Rows": 1, "Plan Width": 26, "Actual Startup Time": 283.005, "Actual Total Time": 283.008, "Actual Rows": 0, "Actual Loops": 1, "Output": ["supplier.s_name"], "Sort Key": ["supplier.s_name"], "Sort Method": "quicksort", "Sort Space Used": 25, "Sort Space Type": "Memory", "Plans": [{"Node Type": "Nested Loop", "Parent Relationship": "Outer", "Parallel Aware": false, "Join Type": "Anti", "Startup Cost": 1.3, "Total Cost": 45319.46, "Plan Rows": 1, "Plan Width": 26, "Actual Startup Time": 282.984, "Actual Total Time": 282.987, "Actual Rows": 0, "Actual Loops": 1, "Output": ["supplier.s_name"], "Inner Unique": false, "Plans": [{"Node Type": "Nested Loop", "Parent Relationship": "Outer", "Parallel Aware": false, "Join Type": "Semi", "Startup Cost": 0.86, "Total Cost": 45318.41, "Plan Rows": 1, "Plan Width": 34, "Actual Startup Time": 282.984, "Actual Total Time": 282.986, "Actual Rows": 0, "Actual Loops": 1, "Output": ["supplier.s_name", "l1.l_suppkey", "l1.l_orderkey"], "Inner Unique": false, "Join Filter": "(orders.o_orderkey = l2.l_orderkey)", "Rows Removed by Join Filter": 0, "Plans": [{"Node Type": "Nested Loop", "Parent Relationship": "Outer", "Parallel Aware": false, "Join Type": "Inner", "Startup Cost": 0.43, "Total Cost": 45317.22, "Plan Rows": 1, "Plan Width": 38, "Actual Startup Time": 282.984, "Actual Total Time": 282.986, "Actual Rows": 0, "Actual Loops": 1, "Output": ["supplier.s_name", "l1.l_suppkey", "l1.l_orderkey", "orders.o_orderkey"], "Inner Unique": false, "Join Filter": "(supplier.s_nationkey = nation.n_nationkey)", "Rows Removed by Join Filter": 0, "Plans": [{"Node Type": "Nested Loop", "Parent Relationship": "Outer", "Parallel Aware": false, "Join Type": "Inner", "Startup Cost": 0.43, "Total Cost": 45300.8, "Plan Rows": 1, "Plan Width": 42, "Actual Startup Time": 282.983, "Actual Total Time": 282.985, "Actual Rows": 0, "Actual Loops": 1, "Output": ["supplier.s_name", "supplier.s_nationkey", "l1.l_suppkey", "l1.l_orderkey", "orders.o_orderkey"], "Inner Unique": false, "Join Filter": "(l1.l_suppkey = supplier.s_suppkey)", "Rows Removed by Join Filter": 0, "Plans": [{"Node Type": "Nested Loop", "Parent Relationship": "Outer", "Parallel Aware": false, "Join Type": "Inner", "Startup Cost": 0.43, "Total Cost": 44853.8, "Plan Rows": 1, "Plan Width": 12, "Actual Startup Time": 282.983, "Actual Total Time": 282.984, "Actual Rows": 0, "Actual Loops": 1, "Output": ["l1.l_suppkey", "l1.l_orderkey", "orders.o_orderkey"], "Inner Unique": false, "Plans": [{"Node Type": "Seq Scan", "Parent Relationship": "Outer", "Parallel Aware": false, "Relation Name": "orders", "Schema": "public", "Alias": "orders", "Startup Cost": 0.0, "Total Cost": 44845.0, "Plan Rows": 1, "Plan Width": 4, "Actual Startup Time": 282.982, "Actual Total Time": 282.983, "Actual Rows": 0, "Actual Loops": 1, "Output": ["orders.o_orderkey", "orders.o_custkey", "orders.o_orderstatus", "orders.o_totalprice", "orders.o_orderdate", "orders.o_orderpriority", "orders.o_clerk", "orders.o_shippriority", "orders.o_comment"], "Filter": "(orders.o_orderstatus = 'f'::bpchar)", "Rows Removed by Filter": 1500000}, {"Node Type": "Index Scan", "Parent Relationship": "Inner", "Parallel Aware": false, "Scan Direction": "Forward", "Index Name": "idx_lineitem_orderkey", "Relation Name": "lineitem", "Schema": "public", "Alias": "l1", "Startup Cost": 0.43, "Total Cost": 8.75, "Plan Rows": 5, "Plan Width": 8, "Actual Startup Time": 0.0, "Actual Total Time": 0.0, "Actual Rows": 0, "Actual Loops": 0, "Output": ["l1.l_orderkey", "l1.l_partkey", "l1.l_suppkey", "l1.l_linenumber", "l1.l_quantity", "l1.l_extendedprice", "l1.l_discount", "l1.l_tax", "l1.l_returnflag", "l1.l_linestatus", "l1.l_shipdate", "l1.l_commitdate", "l1.l_receiptdate", "l1.l_shipinstruct", "l1.l_shipmode", "l1.l_comment"], "Index Cond": "(l1.l_orderkey = orders.o_orderkey)", "Rows Removed by Index Recheck": 0, "Filter": "(l1.l_receiptdate > l1.l_commitdate)", "Rows Removed by Filter": 0}]}, {"Node Type": "Seq Scan", "Parent Relationship": "Inner", "Parallel Aware": false, "Relation Name": "supplier", "Schema": "public", "Alias": "supplier", "Startup Cost": 0.0, "Total Cost": 322.0, "Plan Rows": 10000, "Plan Width": 34, "Actual Startup Time": 0.0, "Actual Total Time": 0.0, "Actual Rows": 0, "Actual Loops": 0, "Output": ["supplier.s_suppkey", "supplier.s_name", "supplier.s_address", "supplier.s_nationkey", "supplier.s_phone", "supplier.s_acctbal", "supplier.s_comment"]}]}, {"Node Type": "Seq Scan", "Parent Relationship": "Inner", "Parallel Aware": false, "Relation Name": "nation", "Schema": "public", "Alias": "nation", "Startup Cost": 0.0, "Total Cost": 16.38, "Plan Rows": 3, "Plan Width": 4, "Actual Startup Time": 0.0, "Actual Total Time": 0.0, "Actual Rows": 0, "Actual Loops": 0, "Output": ["nation.n_nationkey", "nation.n_name", "nation.n_regionkey", "nation.n_comment"], "Filter": "(nation.n_name = 'algeria'::bpchar)", "Rows Removed by Filter": 0}]}, {"Node Type": "Index Scan", "Parent Relationship": "Inner", "Parallel Aware": false, "Scan Direction": "Forward", "Index Name": "idx_lineitem_orderkey", "Relation Name": "lineitem", "Schema": "public", "Alias": "l2", "Startup Cost": 0.43, "Total Cost": 1.0, "Plan Rows": 16, "Plan Width": 8, "Actual Startup Time": 0.0, "Actual Total Time": 0.0, "Actual Rows": 0, "Actual Loops": 0, "Output": ["l2.l_orderkey", "l2.l_partkey", "l2.l_suppkey", "l2.l_linenumber", "l2.l_quantity", "l2.l_extendedprice", "l2.l_discount", "l2.l_tax", "l2.l_returnflag", "l2.l_linestatus", "l2.l_shipdate", "l2.l_commitdate", "l2.l_receiptdate", "l2.l_shipinstruct", "l2.l_shipmode", "l2.l_comment"], "Index Cond": "(l2.l_orderkey = l1.l_orderkey)", "Rows Removed by Index Recheck": 0, "Filter": "(l2.l_suppkey <> l1.l_suppkey)", "Rows Removed by Filter": 0}]}, {"Node Type": "Index Scan", "Parent Relationship": "Inner", "Parallel Aware": false, "Scan Direction": "Forward", "Index Name": "idx_lineitem_orderkey", "Relation Name": "lineitem", "Schema": "public", "Alias": "l3", "Startup Cost": 0.43, "Total Cost": 1.04, "Plan Rows": 5, "Plan Width": 8, "Actual Startup Time": 0.0, "Actual Total Time": 0.0, "Actual Rows": 0, "Actual Loops": 0, "Output": ["l3.l_orderkey", "l3.l_partkey", "l3.l_suppkey", "l3.l_linenumber", "l3.l_quantity", "l3.l_extendedprice", "l3.l_discount", "l3.l_tax", "l3.l_returnflag", "l3.l_linestatus", "l3.l_shipdate", "l3.l_commitdate", "l3.l_receiptdate", "l3.l_shipinstruct", "l3.l_shipmode", "l3.l_comment"], "Index Cond": "(l3.l_orderkey = l1.l_orderkey)", "Rows Removed by Index Recheck": 0, "Filter": "((l3.l_receiptdate > l3.l_commitdate) AND (l3.l_suppkey <> l1.l_suppkey))", "Rows Removed by Filter": 0}]}]}]}]}]}, "Planning Time": 6.715, "Triggers": [], "Execution Time": 283.425}]